2025-01-10 15:20:11,529 INFO: 数据增强，resnet最后的线性层改了一下，adam0.0001，做完这个就做adam调参 
2025-01-10 15:20:13,488 INFO: *****Epoch 1 train***** 
2025-01-10 15:22:15,595 INFO: train Loss: 0.7430 - Accuracy: 0.5172 - Precision: 0.5171 - Recall: 0.5172 - F1 Score: 0.5170 
2025-01-10 15:22:22,280 INFO: val Loss: 0.7429 - val Accuracy: 0.6182 - val Precision: 0.3821 - val Recall: 0.6182 - val F1 Score: 0.4723 
2025-01-10 15:22:22,511 INFO: Best model saved with accuracy: 0.6182 
2025-01-10 15:22:22,664 INFO: -------------------------------------------------- 
2025-01-10 15:22:22,667 INFO: *****Epoch 2 train***** 
2025-01-10 15:24:24,958 INFO: train Loss: 0.6691 - Accuracy: 0.6121 - Precision: 0.6121 - Recall: 0.6121 - F1 Score: 0.6121 
2025-01-10 15:24:31,669 INFO: val Loss: 0.7082 - val Accuracy: 0.5455 - val Precision: 0.6339 - val Recall: 0.5455 - val F1 Score: 0.5382 
2025-01-10 15:24:31,842 INFO: Best model saved with accuracy: 0.5455 
2025-01-10 15:24:31,992 INFO: -------------------------------------------------- 
2025-01-10 15:24:31,994 INFO: *****Epoch 3 train***** 
2025-01-10 15:26:35,130 INFO: train Loss: 0.6470 - Accuracy: 0.6586 - Precision: 0.6586 - Recall: 0.6586 - F1 Score: 0.6586 
2025-01-10 15:26:41,901 INFO: val Loss: 0.6931 - val Accuracy: 0.5545 - val Precision: 0.6606 - val Recall: 0.5545 - val F1 Score: 0.5429 
2025-01-10 15:26:42,071 INFO: Best model saved with accuracy: 0.5545 
2025-01-10 15:26:42,221 INFO: -------------------------------------------------- 
2025-01-10 15:26:42,223 INFO: *****Epoch 4 train***** 
2025-01-10 15:28:44,288 INFO: train Loss: 0.6169 - Accuracy: 0.6626 - Precision: 0.6626 - Recall: 0.6626 - F1 Score: 0.6626 
2025-01-10 15:28:50,956 INFO: val Loss: 0.7355 - val Accuracy: 0.5455 - val Precision: 0.6958 - val Recall: 0.5455 - val F1 Score: 0.5197 
2025-01-10 15:28:51,132 INFO: Best model saved with accuracy: 0.5455 
2025-01-10 15:28:51,280 INFO: -------------------------------------------------- 
2025-01-10 15:28:51,282 INFO: *****Epoch 5 train***** 
2025-01-10 15:30:53,800 INFO: train Loss: 0.6134 - Accuracy: 0.6667 - Precision: 0.6670 - Recall: 0.6667 - F1 Score: 0.6664 
2025-01-10 15:31:00,452 INFO: val Loss: 0.6656 - val Accuracy: 0.5818 - val Precision: 0.6507 - val Recall: 0.5818 - val F1 Score: 0.5818 
2025-01-10 15:31:00,619 INFO: Best model saved with accuracy: 0.5818 
2025-01-10 15:31:00,768 INFO: -------------------------------------------------- 
2025-01-10 15:31:00,770 INFO: *****Epoch 6 train***** 
2025-01-10 15:33:03,198 INFO: train Loss: 0.6053 - Accuracy: 0.6697 - Precision: 0.6712 - Recall: 0.6697 - F1 Score: 0.6692 
2025-01-10 15:33:09,827 INFO: val Loss: 0.5879 - val Accuracy: 0.7182 - val Precision: 0.7122 - val Recall: 0.7182 - val F1 Score: 0.7100 
2025-01-10 15:33:10,010 INFO: Best model saved with accuracy: 0.7182 
2025-01-10 15:33:10,157 INFO: -------------------------------------------------- 
2025-01-10 15:33:10,160 INFO: *****Epoch 7 train***** 
2025-01-10 15:35:13,150 INFO: train Loss: 0.5974 - Accuracy: 0.6677 - Precision: 0.6677 - Recall: 0.6677 - F1 Score: 0.6677 
2025-01-10 15:35:19,875 INFO: val Loss: 0.5797 - val Accuracy: 0.7091 - val Precision: 0.7027 - val Recall: 0.7091 - val F1 Score: 0.6966 
2025-01-10 15:35:20,067 INFO: Best model saved with accuracy: 0.7091 
2025-01-10 15:35:20,214 INFO: -------------------------------------------------- 
2025-01-10 15:35:20,216 INFO: *****Epoch 8 train***** 
2025-01-10 15:37:22,878 INFO: train Loss: 0.6190 - Accuracy: 0.6697 - Precision: 0.6705 - Recall: 0.6697 - F1 Score: 0.6691 
2025-01-10 15:37:29,532 INFO: val Loss: 0.7188 - val Accuracy: 0.5364 - val Precision: 0.7087 - val Recall: 0.5364 - val F1 Score: 0.5026 
2025-01-10 15:37:29,706 INFO: Best model saved with accuracy: 0.5364 
2025-01-10 15:37:29,858 INFO: -------------------------------------------------- 
2025-01-10 15:37:29,860 INFO: *****Epoch 9 train***** 
2025-01-10 15:39:32,852 INFO: train Loss: 0.6013 - Accuracy: 0.6869 - Precision: 0.6879 - Recall: 0.6869 - F1 Score: 0.6866 
2025-01-10 15:39:39,532 INFO: val Loss: 0.5724 - val Accuracy: 0.7364 - val Precision: 0.7376 - val Recall: 0.7364 - val F1 Score: 0.7369 
2025-01-10 15:39:39,757 INFO: Best model saved with accuracy: 0.7364 
2025-01-10 15:39:39,904 INFO: -------------------------------------------------- 
2025-01-10 15:39:39,907 INFO: *****Epoch 10 train***** 
2025-01-10 15:41:42,051 INFO: train Loss: 0.5876 - Accuracy: 0.6859 - Precision: 0.6861 - Recall: 0.6859 - F1 Score: 0.6858 
2025-01-10 15:41:48,665 INFO: val Loss: 0.5780 - val Accuracy: 0.6818 - val Precision: 0.6866 - val Recall: 0.6818 - val F1 Score: 0.6837 
2025-01-10 15:41:48,839 INFO: Best model saved with accuracy: 0.6818 
2025-01-10 15:41:48,987 INFO: -------------------------------------------------- 
2025-01-10 15:41:48,989 INFO: *****Epoch 11 train***** 
2025-01-10 15:43:51,794 INFO: train Loss: 0.5764 - Accuracy: 0.7010 - Precision: 0.7010 - Recall: 0.7010 - F1 Score: 0.7010 
2025-01-10 15:43:58,471 INFO: val Loss: 0.5764 - val Accuracy: 0.7273 - val Precision: 0.7549 - val Recall: 0.7273 - val F1 Score: 0.6932 
2025-01-10 15:43:58,654 INFO: Best model saved with accuracy: 0.7273 
2025-01-10 15:43:58,802 INFO: -------------------------------------------------- 
2025-01-10 15:43:58,804 INFO: *****Epoch 12 train***** 
2025-01-10 15:46:00,783 INFO: train Loss: 0.5832 - Accuracy: 0.6960 - Precision: 0.6971 - Recall: 0.6960 - F1 Score: 0.6953 
2025-01-10 15:46:07,472 INFO: val Loss: 0.5928 - val Accuracy: 0.7000 - val Precision: 0.7014 - val Recall: 0.7000 - val F1 Score: 0.7007 
2025-01-10 15:46:07,645 INFO: Best model saved with accuracy: 0.7000 
2025-01-10 15:46:07,792 INFO: -------------------------------------------------- 
2025-01-10 15:46:07,794 INFO: *****Epoch 13 train***** 
2025-01-10 15:48:10,524 INFO: train Loss: 0.5591 - Accuracy: 0.7202 - Precision: 0.7209 - Recall: 0.7202 - F1 Score: 0.7201 
2025-01-10 15:48:17,357 INFO: val Loss: 0.5502 - val Accuracy: 0.6727 - val Precision: 0.6675 - val Recall: 0.6727 - val F1 Score: 0.6692 
2025-01-10 15:48:17,532 INFO: Best model saved with accuracy: 0.6727 
2025-01-10 15:48:17,679 INFO: -------------------------------------------------- 
2025-01-10 15:48:17,682 INFO: *****Epoch 14 train***** 
2025-01-10 15:50:20,307 INFO: train Loss: 0.5699 - Accuracy: 0.7121 - Precision: 0.7121 - Recall: 0.7121 - F1 Score: 0.7121 
2025-01-10 15:50:26,871 INFO: val Loss: 0.5431 - val Accuracy: 0.7091 - val Precision: 0.7154 - val Recall: 0.7091 - val F1 Score: 0.7113 
2025-01-10 15:50:27,053 INFO: Best model saved with accuracy: 0.7091 
2025-01-10 15:50:27,201 INFO: -------------------------------------------------- 
2025-01-10 15:50:27,203 INFO: *****Epoch 15 train***** 
2025-01-10 15:52:30,254 INFO: train Loss: 0.5594 - Accuracy: 0.7293 - Precision: 0.7295 - Recall: 0.7293 - F1 Score: 0.7292 
2025-01-10 15:52:36,906 INFO: val Loss: 0.5775 - val Accuracy: 0.6909 - val Precision: 0.7013 - val Recall: 0.6909 - val F1 Score: 0.6941 
2025-01-10 15:52:37,082 INFO: Best model saved with accuracy: 0.6909 
2025-01-10 15:52:37,230 INFO: -------------------------------------------------- 
2025-01-10 15:52:37,233 INFO: *****Epoch 16 train***** 
2025-01-10 15:54:39,204 INFO: train Loss: 0.5536 - Accuracy: 0.7141 - Precision: 0.7143 - Recall: 0.7141 - F1 Score: 0.7140 
2025-01-10 15:54:45,843 INFO: val Loss: 0.5808 - val Accuracy: 0.6909 - val Precision: 0.6862 - val Recall: 0.6909 - val F1 Score: 0.6876 
2025-01-10 15:54:46,022 INFO: Best model saved with accuracy: 0.6909 
2025-01-10 15:54:46,196 INFO: -------------------------------------------------- 
2025-01-10 15:54:46,198 INFO: *****Epoch 17 train***** 
2025-01-10 15:56:48,145 INFO: train Loss: 0.5579 - Accuracy: 0.7242 - Precision: 0.7246 - Recall: 0.7242 - F1 Score: 0.7241 
2025-01-10 15:56:54,997 INFO: val Loss: 0.5765 - val Accuracy: 0.6727 - val Precision: 0.6794 - val Recall: 0.6727 - val F1 Score: 0.6752 
2025-01-10 15:56:55,170 INFO: Best model saved with accuracy: 0.6727 
2025-01-10 15:56:55,321 INFO: -------------------------------------------------- 
2025-01-10 15:56:55,323 INFO: *****Epoch 18 train***** 
2025-01-10 15:58:58,115 INFO: train Loss: 0.5647 - Accuracy: 0.7152 - Precision: 0.7152 - Recall: 0.7152 - F1 Score: 0.7151 
2025-01-10 15:59:04,686 INFO: val Loss: 0.6971 - val Accuracy: 0.5909 - val Precision: 0.7221 - val Recall: 0.5909 - val F1 Score: 0.5770 
2025-01-10 15:59:04,861 INFO: Best model saved with accuracy: 0.5909 
2025-01-10 15:59:05,009 INFO: -------------------------------------------------- 
2025-01-10 15:59:05,012 INFO: *****Epoch 19 train***** 
2025-01-10 16:01:08,502 INFO: train Loss: 0.5481 - Accuracy: 0.7192 - Precision: 0.7193 - Recall: 0.7192 - F1 Score: 0.7192 
2025-01-10 16:01:15,154 INFO: val Loss: 0.5761 - val Accuracy: 0.7182 - val Precision: 0.7226 - val Recall: 0.7182 - val F1 Score: 0.7199 
2025-01-10 16:01:15,330 INFO: Best model saved with accuracy: 0.7182 
2025-01-10 16:01:15,480 INFO: -------------------------------------------------- 
2025-01-10 16:01:15,482 INFO: *****Epoch 20 train***** 
2025-01-10 16:03:18,602 INFO: train Loss: 0.5355 - Accuracy: 0.7192 - Precision: 0.7192 - Recall: 0.7192 - F1 Score: 0.7192 
2025-01-10 16:03:25,379 INFO: val Loss: 0.5580 - val Accuracy: 0.6636 - val Precision: 0.6686 - val Recall: 0.6636 - val F1 Score: 0.6656 
2025-01-10 16:03:25,563 INFO: Best model saved with accuracy: 0.6636 
2025-01-10 16:03:25,713 INFO: -------------------------------------------------- 
2025-01-10 16:03:25,716 INFO: *****Epoch 21 train***** 
2025-01-10 16:05:28,585 INFO: train Loss: 0.5295 - Accuracy: 0.7434 - Precision: 0.7438 - Recall: 0.7434 - F1 Score: 0.7433 
2025-01-10 16:05:35,283 INFO: val Loss: 0.5874 - val Accuracy: 0.6909 - val Precision: 0.7106 - val Recall: 0.6909 - val F1 Score: 0.6951 
2025-01-10 16:05:35,476 INFO: Best model saved with accuracy: 0.6909 
2025-01-10 16:05:35,624 INFO: -------------------------------------------------- 
2025-01-10 16:05:35,626 INFO: *****Epoch 22 train***** 
2025-01-10 16:07:37,750 INFO: train Loss: 0.5223 - Accuracy: 0.7394 - Precision: 0.7398 - Recall: 0.7394 - F1 Score: 0.7392 
2025-01-10 16:07:44,595 INFO: val Loss: 0.5604 - val Accuracy: 0.6818 - val Precision: 0.6945 - val Recall: 0.6818 - val F1 Score: 0.6854 
2025-01-10 16:07:44,784 INFO: Best model saved with accuracy: 0.6818 
2025-01-10 16:07:44,935 INFO: -------------------------------------------------- 
2025-01-10 16:07:44,938 INFO: *****Epoch 23 train***** 
2025-01-10 16:09:47,713 INFO: train Loss: 0.5129 - Accuracy: 0.7455 - Precision: 0.7455 - Recall: 0.7455 - F1 Score: 0.7454 
2025-01-10 16:09:54,326 INFO: val Loss: 0.6216 - val Accuracy: 0.7182 - val Precision: 0.7285 - val Recall: 0.7182 - val F1 Score: 0.6901 
2025-01-10 16:09:54,500 INFO: Best model saved with accuracy: 0.7182 
2025-01-10 16:09:54,648 INFO: -------------------------------------------------- 
2025-01-10 16:09:54,651 INFO: *****Epoch 24 train***** 
2025-01-10 16:11:57,660 INFO: train Loss: 0.5186 - Accuracy: 0.7455 - Precision: 0.7455 - Recall: 0.7455 - F1 Score: 0.7454 
2025-01-10 16:12:04,426 INFO: val Loss: 0.5650 - val Accuracy: 0.7182 - val Precision: 0.7262 - val Recall: 0.7182 - val F1 Score: 0.7207 
2025-01-10 16:12:04,598 INFO: Best model saved with accuracy: 0.7182 
2025-01-10 16:12:04,746 INFO: -------------------------------------------------- 
2025-01-10 16:12:04,749 INFO: *****Epoch 25 train***** 
2025-01-10 16:14:06,852 INFO: train Loss: 0.4939 - Accuracy: 0.7677 - Precision: 0.7678 - Recall: 0.7677 - F1 Score: 0.7677 
2025-01-10 16:14:13,464 INFO: val Loss: 0.6146 - val Accuracy: 0.6636 - val Precision: 0.6861 - val Recall: 0.6636 - val F1 Score: 0.6683 
2025-01-10 16:14:13,647 INFO: Best model saved with accuracy: 0.6636 
2025-01-10 16:14:13,799 INFO: -------------------------------------------------- 
2025-01-10 16:14:13,801 INFO: *****Epoch 26 train***** 
2025-01-10 16:16:16,022 INFO: train Loss: 0.5009 - Accuracy: 0.7374 - Precision: 0.7376 - Recall: 0.7374 - F1 Score: 0.7373 
2025-01-10 16:16:22,651 INFO: val Loss: 0.6703 - val Accuracy: 0.6545 - val Precision: 0.6432 - val Recall: 0.6545 - val F1 Score: 0.6114 
2025-01-10 16:16:22,834 INFO: Best model saved with accuracy: 0.6545 
2025-01-10 16:16:22,988 INFO: -------------------------------------------------- 
2025-01-10 16:16:22,990 INFO: *****Epoch 27 train***** 
2025-01-10 16:18:25,192 INFO: train Loss: 0.5112 - Accuracy: 0.7323 - Precision: 0.7324 - Recall: 0.7323 - F1 Score: 0.7323 
2025-01-10 16:18:31,844 INFO: val Loss: 0.5840 - val Accuracy: 0.6909 - val Precision: 0.7106 - val Recall: 0.6909 - val F1 Score: 0.6951 
2025-01-10 16:18:32,025 INFO: Best model saved with accuracy: 0.6909 
2025-01-10 16:18:32,172 INFO: -------------------------------------------------- 
2025-01-10 16:18:32,175 INFO: *****Epoch 28 train***** 
2025-01-10 16:20:34,756 INFO: train Loss: 0.5059 - Accuracy: 0.7677 - Precision: 0.7678 - Recall: 0.7677 - F1 Score: 0.7677 
2025-01-10 16:20:41,449 INFO: val Loss: 0.5854 - val Accuracy: 0.6727 - val Precision: 0.7036 - val Recall: 0.6727 - val F1 Score: 0.6773 
2025-01-10 16:20:41,627 INFO: Best model saved with accuracy: 0.6727 
2025-01-10 16:20:41,775 INFO: -------------------------------------------------- 
2025-01-10 16:20:41,777 INFO: *****Epoch 29 train***** 
2025-01-10 16:22:44,649 INFO: train Loss: 0.4852 - Accuracy: 0.7747 - Precision: 0.7749 - Recall: 0.7747 - F1 Score: 0.7747 
2025-01-10 16:22:51,346 INFO: val Loss: 0.5727 - val Accuracy: 0.7091 - val Precision: 0.7059 - val Recall: 0.7091 - val F1 Score: 0.6902 
2025-01-10 16:22:51,525 INFO: Best model saved with accuracy: 0.7091 
2025-01-10 16:22:51,672 INFO: -------------------------------------------------- 
2025-01-10 16:22:51,674 INFO: *****Epoch 30 train***** 
2025-01-10 16:24:54,455 INFO: train Loss: 0.4864 - Accuracy: 0.7626 - Precision: 0.7627 - Recall: 0.7626 - F1 Score: 0.7626 
2025-01-10 16:25:01,127 INFO: val Loss: 0.6436 - val Accuracy: 0.6909 - val Precision: 0.6858 - val Recall: 0.6909 - val F1 Score: 0.6668 
2025-01-10 16:25:01,306 INFO: Best model saved with accuracy: 0.6909 
2025-01-10 16:25:01,454 INFO: -------------------------------------------------- 
2025-01-10 16:25:01,456 INFO: *****Epoch 31 train***** 
2025-01-10 16:27:05,021 INFO: train Loss: 0.4790 - Accuracy: 0.7818 - Precision: 0.7820 - Recall: 0.7818 - F1 Score: 0.7817 
2025-01-10 16:27:11,624 INFO: val Loss: 0.5084 - val Accuracy: 0.7091 - val Precision: 0.7236 - val Recall: 0.7091 - val F1 Score: 0.7126 
2025-01-10 16:27:11,812 INFO: Best model saved with accuracy: 0.7091 
2025-01-10 16:27:11,959 INFO: -------------------------------------------------- 
2025-01-10 16:27:11,962 INFO: *****Epoch 32 train***** 
2025-01-10 16:29:14,936 INFO: train Loss: 0.4962 - Accuracy: 0.7535 - Precision: 0.7537 - Recall: 0.7535 - F1 Score: 0.7534 
2025-01-10 16:29:21,573 INFO: val Loss: 0.5403 - val Accuracy: 0.7182 - val Precision: 0.7122 - val Recall: 0.7182 - val F1 Score: 0.7100 
2025-01-10 16:29:21,752 INFO: Best model saved with accuracy: 0.7182 
2025-01-10 16:29:21,906 INFO: -------------------------------------------------- 
2025-01-10 16:29:21,908 INFO: *****Epoch 33 train***** 
2025-01-10 16:31:24,350 INFO: train Loss: 0.4751 - Accuracy: 0.7747 - Precision: 0.7750 - Recall: 0.7747 - F1 Score: 0.7747 
2025-01-10 16:31:30,904 INFO: val Loss: 0.6383 - val Accuracy: 0.7545 - val Precision: 0.7702 - val Recall: 0.7545 - val F1 Score: 0.7337 
2025-01-10 16:31:31,084 INFO: Best model saved with accuracy: 0.7545 
2025-01-10 16:31:31,232 INFO: -------------------------------------------------- 
2025-01-10 16:31:31,234 INFO: *****Epoch 34 train***** 
2025-01-10 16:33:33,703 INFO: train Loss: 0.4697 - Accuracy: 0.7879 - Precision: 0.7879 - Recall: 0.7879 - F1 Score: 0.7879 
2025-01-10 16:33:40,419 INFO: val Loss: 0.7317 - val Accuracy: 0.6091 - val Precision: 0.6857 - val Recall: 0.6091 - val F1 Score: 0.6082 
2025-01-10 16:33:40,601 INFO: Best model saved with accuracy: 0.6091 
2025-01-10 16:33:40,750 INFO: -------------------------------------------------- 
2025-01-10 16:33:40,752 INFO: *****Epoch 35 train***** 
2025-01-10 16:35:43,819 INFO: train Loss: 0.4673 - Accuracy: 0.7838 - Precision: 0.7840 - Recall: 0.7838 - F1 Score: 0.7838 
2025-01-10 16:35:50,418 INFO: val Loss: 0.5757 - val Accuracy: 0.6636 - val Precision: 0.6811 - val Recall: 0.6636 - val F1 Score: 0.6680 
2025-01-10 16:35:50,589 INFO: Best model saved with accuracy: 0.6636 
2025-01-10 16:35:50,737 INFO: -------------------------------------------------- 
2025-01-10 16:35:50,740 INFO: *****Epoch 36 train***** 
2025-01-10 16:37:52,990 INFO: train Loss: 0.4813 - Accuracy: 0.7636 - Precision: 0.7646 - Recall: 0.7636 - F1 Score: 0.7635 
2025-01-10 16:37:59,897 INFO: val Loss: 0.5732 - val Accuracy: 0.7091 - val Precision: 0.7034 - val Recall: 0.7091 - val F1 Score: 0.7040 
2025-01-10 16:38:00,077 INFO: Best model saved with accuracy: 0.7091 
2025-01-10 16:38:00,231 INFO: -------------------------------------------------- 
2025-01-10 16:38:00,233 INFO: *****Epoch 37 train***** 
2025-01-10 16:40:02,786 INFO: train Loss: 0.4432 - Accuracy: 0.7919 - Precision: 0.7919 - Recall: 0.7919 - F1 Score: 0.7919 
2025-01-10 16:40:09,415 INFO: val Loss: 0.6150 - val Accuracy: 0.6727 - val Precision: 0.6699 - val Recall: 0.6727 - val F1 Score: 0.6711 
2025-01-10 16:40:09,593 INFO: Best model saved with accuracy: 0.6727 
2025-01-10 16:40:09,740 INFO: -------------------------------------------------- 
2025-01-10 16:40:09,743 INFO: *****Epoch 38 train***** 
2025-01-10 16:42:11,699 INFO: train Loss: 0.4220 - Accuracy: 0.7990 - Precision: 0.7998 - Recall: 0.7990 - F1 Score: 0.7989 
2025-01-10 16:42:18,372 INFO: val Loss: 0.7323 - val Accuracy: 0.6545 - val Precision: 0.6401 - val Recall: 0.6545 - val F1 Score: 0.6227 
2025-01-10 16:42:18,554 INFO: Best model saved with accuracy: 0.6545 
2025-01-10 16:42:18,729 INFO: -------------------------------------------------- 
2025-01-10 16:42:18,732 INFO: *****Epoch 39 train***** 
2025-01-10 16:44:21,882 INFO: train Loss: 0.4465 - Accuracy: 0.7919 - Precision: 0.7920 - Recall: 0.7919 - F1 Score: 0.7919 
2025-01-10 16:44:28,694 INFO: val Loss: 0.6711 - val Accuracy: 0.6727 - val Precision: 0.7036 - val Recall: 0.6727 - val F1 Score: 0.6773 
2025-01-10 16:44:28,867 INFO: Best model saved with accuracy: 0.6727 
2025-01-10 16:44:29,017 INFO: -------------------------------------------------- 
2025-01-10 16:44:29,019 INFO: *****Epoch 40 train***** 
2025-01-10 16:46:32,869 INFO: train Loss: 0.4523 - Accuracy: 0.7879 - Precision: 0.7886 - Recall: 0.7879 - F1 Score: 0.7877 
2025-01-10 16:46:39,467 INFO: val Loss: 0.5825 - val Accuracy: 0.7364 - val Precision: 0.7326 - val Recall: 0.7364 - val F1 Score: 0.7264 
2025-01-10 16:46:39,646 INFO: Best model saved with accuracy: 0.7364 
2025-01-10 16:46:39,797 INFO: -------------------------------------------------- 
2025-01-10 16:46:39,800 INFO: *****Epoch 41 train***** 
2025-01-10 16:48:42,051 INFO: train Loss: 0.4598 - Accuracy: 0.7707 - Precision: 0.7709 - Recall: 0.7707 - F1 Score: 0.7707 
2025-01-10 16:48:48,642 INFO: val Loss: 0.9083 - val Accuracy: 0.6000 - val Precision: 0.6800 - val Recall: 0.6000 - val F1 Score: 0.5981 
2025-01-10 16:48:48,820 INFO: Best model saved with accuracy: 0.6000 
2025-01-10 16:48:48,973 INFO: -------------------------------------------------- 
2025-01-10 16:48:48,975 INFO: *****Epoch 42 train***** 
2025-01-10 16:50:51,602 INFO: train Loss: 0.4265 - Accuracy: 0.7990 - Precision: 0.7990 - Recall: 0.7990 - F1 Score: 0.7990 
2025-01-10 16:50:58,361 INFO: val Loss: 0.6044 - val Accuracy: 0.6909 - val Precision: 0.7106 - val Recall: 0.6909 - val F1 Score: 0.6951 
2025-01-10 16:50:58,532 INFO: Best model saved with accuracy: 0.6909 
2025-01-10 16:50:58,717 INFO: -------------------------------------------------- 
2025-01-10 16:50:58,720 INFO: *****Epoch 43 train***** 
2025-01-10 16:53:00,549 INFO: train Loss: 0.4366 - Accuracy: 0.8010 - Precision: 0.8011 - Recall: 0.8010 - F1 Score: 0.8010 
2025-01-10 16:53:07,140 INFO: val Loss: 0.8817 - val Accuracy: 0.6091 - val Precision: 0.7317 - val Recall: 0.6091 - val F1 Score: 0.5988 
2025-01-10 16:53:07,312 INFO: Best model saved with accuracy: 0.6091 
2025-01-10 16:53:07,465 INFO: -------------------------------------------------- 
2025-01-10 16:53:07,467 INFO: *****Epoch 44 train***** 
2025-01-10 16:55:09,719 INFO: train Loss: 0.4243 - Accuracy: 0.7970 - Precision: 0.7984 - Recall: 0.7970 - F1 Score: 0.7968 
2025-01-10 16:55:16,495 INFO: val Loss: 0.6460 - val Accuracy: 0.6545 - val Precision: 0.6698 - val Recall: 0.6545 - val F1 Score: 0.6588 
2025-01-10 16:55:16,672 INFO: Best model saved with accuracy: 0.6545 
2025-01-10 16:55:16,821 INFO: -------------------------------------------------- 
2025-01-10 16:55:16,823 INFO: *****Epoch 45 train***** 
2025-01-10 16:57:19,261 INFO: train Loss: 0.4185 - Accuracy: 0.8040 - Precision: 0.8041 - Recall: 0.8040 - F1 Score: 0.8040 
2025-01-10 16:57:26,024 INFO: val Loss: 0.6502 - val Accuracy: 0.6727 - val Precision: 0.6878 - val Recall: 0.6727 - val F1 Score: 0.6767 
2025-01-10 16:57:26,197 INFO: Best model saved with accuracy: 0.6727 
2025-01-10 16:57:26,347 INFO: -------------------------------------------------- 
2025-01-10 16:57:26,350 INFO: *****Epoch 46 train***** 
2025-01-10 16:59:29,231 INFO: train Loss: 0.3950 - Accuracy: 0.8202 - Precision: 0.8203 - Recall: 0.8202 - F1 Score: 0.8202 
2025-01-10 16:59:35,986 INFO: val Loss: 0.5652 - val Accuracy: 0.7091 - val Precision: 0.7091 - val Recall: 0.7091 - val F1 Score: 0.7091 
2025-01-10 16:59:36,160 INFO: Best model saved with accuracy: 0.7091 
2025-01-10 16:59:36,317 INFO: -------------------------------------------------- 
2025-01-10 16:59:36,319 INFO: *****Epoch 47 train***** 
2025-01-10 17:01:39,000 INFO: train Loss: 0.4020 - Accuracy: 0.8131 - Precision: 0.8138 - Recall: 0.8131 - F1 Score: 0.8131 
2025-01-10 17:01:45,817 INFO: val Loss: 0.7162 - val Accuracy: 0.6636 - val Precision: 0.6571 - val Recall: 0.6636 - val F1 Score: 0.6590 
2025-01-10 17:01:46,003 INFO: Best model saved with accuracy: 0.6636 
2025-01-10 17:01:46,151 INFO: -------------------------------------------------- 
2025-01-10 17:01:46,153 INFO: *****Epoch 48 train***** 
2025-01-10 17:03:48,569 INFO: train Loss: 0.4150 - Accuracy: 0.8081 - Precision: 0.8089 - Recall: 0.8081 - F1 Score: 0.8080 
2025-01-10 17:03:55,234 INFO: val Loss: 0.6947 - val Accuracy: 0.6818 - val Precision: 0.7572 - val Recall: 0.6818 - val F1 Score: 0.6825 
2025-01-10 17:03:55,406 INFO: Best model saved with accuracy: 0.6818 
2025-01-10 17:03:55,559 INFO: -------------------------------------------------- 
2025-01-10 17:03:55,561 INFO: *****Epoch 49 train***** 
2025-01-10 17:05:58,125 INFO: train Loss: 0.3887 - Accuracy: 0.8212 - Precision: 0.8213 - Recall: 0.8212 - F1 Score: 0.8212 
2025-01-10 17:06:04,888 INFO: val Loss: 0.6347 - val Accuracy: 0.6909 - val Precision: 0.6883 - val Recall: 0.6909 - val F1 Score: 0.6894 
2025-01-10 17:06:05,064 INFO: Best model saved with accuracy: 0.6909 
2025-01-10 17:06:05,213 INFO: -------------------------------------------------- 
2025-01-10 17:06:05,215 INFO: *****Epoch 50 train***** 
2025-01-10 17:08:08,096 INFO: train Loss: 0.3982 - Accuracy: 0.8091 - Precision: 0.8104 - Recall: 0.8091 - F1 Score: 0.8090 
2025-01-10 17:08:14,815 INFO: val Loss: 0.6957 - val Accuracy: 0.7455 - val Precision: 0.7500 - val Recall: 0.7455 - val F1 Score: 0.7289 
2025-01-10 17:08:14,992 INFO: Best model saved with accuracy: 0.7455 
2025-01-10 17:08:15,139 INFO: -------------------------------------------------- 
2025-01-10 17:08:15,142 INFO: *****Epoch 51 train***** 
2025-01-10 17:10:17,642 INFO: train Loss: 0.3975 - Accuracy: 0.8313 - Precision: 0.8317 - Recall: 0.8313 - F1 Score: 0.8313 
2025-01-10 17:10:24,360 INFO: val Loss: 0.6931 - val Accuracy: 0.7000 - val Precision: 0.6964 - val Recall: 0.7000 - val F1 Score: 0.6977 
2025-01-10 17:10:24,547 INFO: Best model saved with accuracy: 0.7000 
2025-01-10 17:10:24,697 INFO: -------------------------------------------------- 
2025-01-10 17:10:24,699 INFO: *****Epoch 52 train***** 
2025-01-10 17:12:27,003 INFO: train Loss: 0.3817 - Accuracy: 0.8232 - Precision: 0.8234 - Recall: 0.8232 - F1 Score: 0.8232 
2025-01-10 17:12:33,802 INFO: val Loss: 0.7207 - val Accuracy: 0.7182 - val Precision: 0.7170 - val Recall: 0.7182 - val F1 Score: 0.7175 
2025-01-10 17:12:33,974 INFO: Best model saved with accuracy: 0.7182 
2025-01-10 17:12:34,129 INFO: -------------------------------------------------- 
2025-01-10 17:12:34,131 INFO: *****Epoch 53 train***** 
2025-01-10 17:14:36,777 INFO: train Loss: 0.3650 - Accuracy: 0.8354 - Precision: 0.8354 - Recall: 0.8354 - F1 Score: 0.8354 
2025-01-10 17:14:43,478 INFO: val Loss: 0.7138 - val Accuracy: 0.6818 - val Precision: 0.6779 - val Recall: 0.6818 - val F1 Score: 0.6794 
2025-01-10 17:14:43,660 INFO: Best model saved with accuracy: 0.6818 
2025-01-10 17:14:43,828 INFO: -------------------------------------------------- 
2025-01-10 17:14:43,831 INFO: *****Epoch 54 train***** 
2025-01-10 17:16:46,089 INFO: train Loss: 0.3982 - Accuracy: 0.8182 - Precision: 0.8183 - Recall: 0.8182 - F1 Score: 0.8182 
2025-01-10 17:16:52,935 INFO: val Loss: 0.6565 - val Accuracy: 0.6909 - val Precision: 0.6862 - val Recall: 0.6909 - val F1 Score: 0.6876 
2025-01-10 17:16:53,110 INFO: Best model saved with accuracy: 0.6909 
2025-01-10 17:16:53,258 INFO: -------------------------------------------------- 
2025-01-10 17:16:53,260 INFO: *****Epoch 55 train***** 
2025-01-10 17:18:55,271 INFO: train Loss: 0.3718 - Accuracy: 0.8293 - Precision: 0.8293 - Recall: 0.8293 - F1 Score: 0.8293 
2025-01-10 17:19:02,014 INFO: val Loss: 0.7929 - val Accuracy: 0.7000 - val Precision: 0.7046 - val Recall: 0.7000 - val F1 Score: 0.7018 
2025-01-10 17:19:02,192 INFO: Best model saved with accuracy: 0.7000 
2025-01-10 17:19:02,340 INFO: -------------------------------------------------- 
2025-01-10 17:19:02,342 INFO: *****Epoch 56 train***** 
2025-01-10 17:21:05,650 INFO: train Loss: 0.3692 - Accuracy: 0.8303 - Precision: 0.8306 - Recall: 0.8303 - F1 Score: 0.8303 
2025-01-10 17:21:12,336 INFO: val Loss: 0.7395 - val Accuracy: 0.6545 - val Precision: 0.6489 - val Recall: 0.6545 - val F1 Score: 0.6508 
2025-01-10 17:21:12,509 INFO: Best model saved with accuracy: 0.6545 
2025-01-10 17:21:12,656 INFO: -------------------------------------------------- 
2025-01-10 17:21:12,659 INFO: *****Epoch 57 train***** 
2025-01-10 17:23:15,824 INFO: train Loss: 0.3620 - Accuracy: 0.8394 - Precision: 0.8395 - Recall: 0.8394 - F1 Score: 0.8394 
2025-01-10 17:23:22,636 INFO: val Loss: 0.6264 - val Accuracy: 0.7000 - val Precision: 0.6987 - val Recall: 0.7000 - val F1 Score: 0.6993 
2025-01-10 17:23:22,809 INFO: Best model saved with accuracy: 0.7000 
2025-01-10 17:23:22,958 INFO: -------------------------------------------------- 
2025-01-10 17:23:22,961 INFO: *****Epoch 58 train***** 
2025-01-10 17:25:25,574 INFO: train Loss: 0.3556 - Accuracy: 0.8515 - Precision: 0.8518 - Recall: 0.8515 - F1 Score: 0.8515 
2025-01-10 17:25:32,391 INFO: val Loss: 0.8162 - val Accuracy: 0.7091 - val Precision: 0.7034 - val Recall: 0.7091 - val F1 Score: 0.7040 
2025-01-10 17:25:32,564 INFO: Best model saved with accuracy: 0.7091 
2025-01-10 17:25:32,712 INFO: -------------------------------------------------- 
2025-01-10 17:25:32,714 INFO: *****Epoch 59 train***** 
2025-01-10 17:27:35,127 INFO: train Loss: 0.3542 - Accuracy: 0.8545 - Precision: 0.8550 - Recall: 0.8545 - F1 Score: 0.8545 
2025-01-10 17:27:41,756 INFO: val Loss: 0.7666 - val Accuracy: 0.7091 - val Precision: 0.7341 - val Recall: 0.7091 - val F1 Score: 0.7132 
2025-01-10 17:27:41,932 INFO: Best model saved with accuracy: 0.7091 
2025-01-10 17:27:42,086 INFO: -------------------------------------------------- 
2025-01-10 17:27:42,088 INFO: *****Epoch 60 train***** 
2025-01-10 17:29:44,299 INFO: train Loss: 0.3611 - Accuracy: 0.8343 - Precision: 0.8344 - Recall: 0.8343 - F1 Score: 0.8343 
2025-01-10 17:29:50,985 INFO: val Loss: 0.7719 - val Accuracy: 0.6364 - val Precision: 0.6730 - val Recall: 0.6364 - val F1 Score: 0.6412 
2025-01-10 17:29:51,170 INFO: Best model saved with accuracy: 0.6364 
2025-01-10 17:29:51,318 INFO: -------------------------------------------------- 
2025-01-10 17:29:51,320 INFO: *****Epoch 61 train***** 
2025-01-10 17:31:53,635 INFO: train Loss: 0.3520 - Accuracy: 0.8505 - Precision: 0.8511 - Recall: 0.8505 - F1 Score: 0.8505 
2025-01-10 17:32:00,361 INFO: val Loss: 0.8189 - val Accuracy: 0.6455 - val Precision: 0.6923 - val Recall: 0.6455 - val F1 Score: 0.6494 
2025-01-10 17:32:00,543 INFO: Best model saved with accuracy: 0.6455 
2025-01-10 17:32:00,691 INFO: -------------------------------------------------- 
2025-01-10 17:32:00,693 INFO: *****Epoch 62 train***** 
2025-01-10 17:34:02,990 INFO: train Loss: 0.3242 - Accuracy: 0.8758 - Precision: 0.8773 - Recall: 0.8758 - F1 Score: 0.8757 
2025-01-10 17:34:09,646 INFO: val Loss: 0.8994 - val Accuracy: 0.7091 - val Precision: 0.7023 - val Recall: 0.7091 - val F1 Score: 0.6994 
2025-01-10 17:34:09,829 INFO: Best model saved with accuracy: 0.7091 
2025-01-10 17:34:09,982 INFO: -------------------------------------------------- 
2025-01-10 17:34:09,984 INFO: *****Epoch 63 train***** 
2025-01-10 17:36:12,775 INFO: train Loss: 0.2856 - Accuracy: 0.8808 - Precision: 0.8810 - Recall: 0.8808 - F1 Score: 0.8808 
2025-01-10 17:36:19,475 INFO: val Loss: 0.9311 - val Accuracy: 0.6364 - val Precision: 0.6519 - val Recall: 0.6364 - val F1 Score: 0.6408 
2025-01-10 17:36:19,653 INFO: Best model saved with accuracy: 0.6364 
2025-01-10 17:36:19,800 INFO: -------------------------------------------------- 
2025-01-10 17:36:19,802 INFO: *****Epoch 64 train***** 
2025-01-10 17:38:22,520 INFO: train Loss: 0.3266 - Accuracy: 0.8535 - Precision: 0.8536 - Recall: 0.8535 - F1 Score: 0.8535 
2025-01-10 17:38:29,409 INFO: val Loss: 0.9557 - val Accuracy: 0.6545 - val Precision: 0.7135 - val Recall: 0.6545 - val F1 Score: 0.6571 
2025-01-10 17:38:29,589 INFO: Best model saved with accuracy: 0.6545 
2025-01-10 17:38:29,736 INFO: -------------------------------------------------- 
2025-01-10 17:38:29,738 INFO: *****Epoch 65 train***** 
2025-01-10 17:40:32,293 INFO: train Loss: 0.3213 - Accuracy: 0.8535 - Precision: 0.8544 - Recall: 0.8535 - F1 Score: 0.8535 
2025-01-10 17:40:38,939 INFO: val Loss: 1.0145 - val Accuracy: 0.6545 - val Precision: 0.6401 - val Recall: 0.6545 - val F1 Score: 0.6227 
2025-01-10 17:40:39,125 INFO: Best model saved with accuracy: 0.6545 
2025-01-10 17:40:39,273 INFO: -------------------------------------------------- 
2025-01-10 17:40:39,275 INFO: *****Epoch 66 train***** 
2025-01-10 17:42:41,870 INFO: train Loss: 0.3404 - Accuracy: 0.8646 - Precision: 0.8648 - Recall: 0.8646 - F1 Score: 0.8646 
2025-01-10 17:42:48,698 INFO: val Loss: 0.6662 - val Accuracy: 0.6727 - val Precision: 0.6794 - val Recall: 0.6727 - val F1 Score: 0.6752 
2025-01-10 17:42:48,881 INFO: Best model saved with accuracy: 0.6727 
2025-01-10 17:42:49,032 INFO: -------------------------------------------------- 
2025-01-10 17:42:49,035 INFO: *****Epoch 67 train***** 
2025-01-10 17:44:51,826 INFO: train Loss: 0.2893 - Accuracy: 0.8808 - Precision: 0.8810 - Recall: 0.8808 - F1 Score: 0.8808 
2025-01-10 17:44:58,463 INFO: val Loss: 1.1060 - val Accuracy: 0.6091 - val Precision: 0.6688 - val Recall: 0.6091 - val F1 Score: 0.6113 
2025-01-10 17:44:58,636 INFO: Best model saved with accuracy: 0.6091 
2025-01-10 17:44:58,784 INFO: -------------------------------------------------- 
2025-01-10 17:44:58,786 INFO: *****Epoch 68 train***** 
2025-01-10 17:47:00,970 INFO: train Loss: 0.3150 - Accuracy: 0.8677 - Precision: 0.8680 - Recall: 0.8677 - F1 Score: 0.8677 
2025-01-10 17:47:07,614 INFO: val Loss: 0.7821 - val Accuracy: 0.6727 - val Precision: 0.6878 - val Recall: 0.6727 - val F1 Score: 0.6767 
2025-01-10 17:47:07,790 INFO: Best model saved with accuracy: 0.6727 
2025-01-10 17:47:07,944 INFO: -------------------------------------------------- 
2025-01-10 17:47:07,946 INFO: *****Epoch 69 train***** 
2025-01-10 17:49:10,547 INFO: train Loss: 0.3300 - Accuracy: 0.8424 - Precision: 0.8424 - Recall: 0.8424 - F1 Score: 0.8424 
2025-01-10 17:49:17,097 INFO: val Loss: 0.8294 - val Accuracy: 0.6727 - val Precision: 0.7100 - val Recall: 0.6727 - val F1 Score: 0.6771 
2025-01-10 17:49:17,279 INFO: Best model saved with accuracy: 0.6727 
2025-01-10 17:49:17,428 INFO: -------------------------------------------------- 
2025-01-10 17:49:17,431 INFO: *****Epoch 70 train***** 
2025-01-10 17:51:19,501 INFO: train Loss: 0.2814 - Accuracy: 0.8828 - Precision: 0.8828 - Recall: 0.8828 - F1 Score: 0.8828 
2025-01-10 17:51:26,169 INFO: val Loss: 1.0159 - val Accuracy: 0.6364 - val Precision: 0.6616 - val Recall: 0.6364 - val F1 Score: 0.6415 
2025-01-10 17:51:26,351 INFO: Best model saved with accuracy: 0.6364 
2025-01-10 17:51:26,498 INFO: -------------------------------------------------- 
2025-01-10 17:51:26,501 INFO: *****Epoch 71 train***** 
2025-01-10 17:53:28,612 INFO: train Loss: 0.2879 - Accuracy: 0.8869 - Precision: 0.8870 - Recall: 0.8869 - F1 Score: 0.8869 
2025-01-10 17:53:35,325 INFO: val Loss: 0.7902 - val Accuracy: 0.6364 - val Precision: 0.6435 - val Recall: 0.6364 - val F1 Score: 0.6391 
2025-01-10 17:53:35,517 INFO: Best model saved with accuracy: 0.6364 
2025-01-10 17:53:35,665 INFO: -------------------------------------------------- 
2025-01-10 17:53:35,667 INFO: *****Epoch 72 train***** 
2025-01-10 17:55:38,026 INFO: train Loss: 0.2853 - Accuracy: 0.8788 - Precision: 0.8789 - Recall: 0.8788 - F1 Score: 0.8788 
2025-01-10 17:55:44,639 INFO: val Loss: 0.9940 - val Accuracy: 0.6545 - val Precision: 0.6746 - val Recall: 0.6545 - val F1 Score: 0.6592 
2025-01-10 17:55:44,812 INFO: Best model saved with accuracy: 0.6545 
2025-01-10 17:55:44,960 INFO: -------------------------------------------------- 
2025-01-10 17:55:44,963 INFO: *****Epoch 73 train***** 
2025-01-10 17:57:47,963 INFO: train Loss: 0.2511 - Accuracy: 0.8859 - Precision: 0.8862 - Recall: 0.8859 - F1 Score: 0.8858 
2025-01-10 17:57:54,718 INFO: val Loss: 1.0819 - val Accuracy: 0.6364 - val Precision: 0.6730 - val Recall: 0.6364 - val F1 Score: 0.6412 
2025-01-10 17:57:54,900 INFO: Best model saved with accuracy: 0.6364 
2025-01-10 17:57:55,048 INFO: -------------------------------------------------- 
2025-01-10 17:57:55,051 INFO: *****Epoch 74 train***** 
2025-01-10 17:59:57,552 INFO: train Loss: 0.2956 - Accuracy: 0.8747 - Precision: 0.8755 - Recall: 0.8747 - F1 Score: 0.8747 
2025-01-10 18:00:04,345 INFO: val Loss: 0.9424 - val Accuracy: 0.7091 - val Precision: 0.7059 - val Recall: 0.7091 - val F1 Score: 0.6902 
2025-01-10 18:00:04,535 INFO: Best model saved with accuracy: 0.7091 
2025-01-10 18:00:04,684 INFO: -------------------------------------------------- 
2025-01-10 18:00:04,686 INFO: *****Epoch 75 train***** 
2025-01-10 18:02:07,265 INFO: train Loss: 0.2725 - Accuracy: 0.8828 - Precision: 0.8829 - Recall: 0.8828 - F1 Score: 0.8828 
2025-01-10 18:02:13,952 INFO: val Loss: 0.9285 - val Accuracy: 0.7000 - val Precision: 0.6987 - val Recall: 0.7000 - val F1 Score: 0.6993 
2025-01-10 18:02:14,136 INFO: Best model saved with accuracy: 0.7000 
2025-01-10 18:02:14,284 INFO: -------------------------------------------------- 
2025-01-10 18:02:14,286 INFO: *****Epoch 76 train***** 
2025-01-10 18:04:16,861 INFO: train Loss: 0.2631 - Accuracy: 0.8859 - Precision: 0.8861 - Recall: 0.8859 - F1 Score: 0.8859 
2025-01-10 18:04:23,489 INFO: val Loss: 0.9857 - val Accuracy: 0.6818 - val Precision: 0.7301 - val Recall: 0.6818 - val F1 Score: 0.6853 
2025-01-10 18:04:23,674 INFO: Best model saved with accuracy: 0.6818 
2025-01-10 18:04:23,823 INFO: -------------------------------------------------- 
2025-01-10 18:04:23,825 INFO: *****Epoch 77 train***** 
2025-01-10 18:06:26,441 INFO: train Loss: 0.2925 - Accuracy: 0.8727 - Precision: 0.8728 - Recall: 0.8727 - F1 Score: 0.8727 
2025-01-10 18:06:33,204 INFO: val Loss: 0.9145 - val Accuracy: 0.6364 - val Precision: 0.6332 - val Recall: 0.6364 - val F1 Score: 0.6346 
2025-01-10 18:06:33,381 INFO: Best model saved with accuracy: 0.6364 
2025-01-10 18:06:33,531 INFO: -------------------------------------------------- 
2025-01-10 18:06:33,533 INFO: *****Epoch 78 train***** 
2025-01-10 18:08:36,604 INFO: train Loss: 0.2549 - Accuracy: 0.8919 - Precision: 0.8919 - Recall: 0.8919 - F1 Score: 0.8919 
2025-01-10 18:08:43,309 INFO: val Loss: 1.3425 - val Accuracy: 0.6636 - val Precision: 0.6652 - val Recall: 0.6636 - val F1 Score: 0.6644 
2025-01-10 18:08:43,487 INFO: Best model saved with accuracy: 0.6636 
2025-01-10 18:08:43,635 INFO: -------------------------------------------------- 
2025-01-10 18:08:43,638 INFO: *****Epoch 79 train***** 
2025-01-10 18:10:46,964 INFO: train Loss: 0.2495 - Accuracy: 0.9000 - Precision: 0.9009 - Recall: 0.9000 - F1 Score: 0.9000 
2025-01-10 18:10:53,755 INFO: val Loss: 0.9324 - val Accuracy: 0.6182 - val Precision: 0.6086 - val Recall: 0.6182 - val F1 Score: 0.6116 
2025-01-10 18:10:53,933 INFO: Best model saved with accuracy: 0.6182 
2025-01-10 18:10:54,084 INFO: -------------------------------------------------- 
2025-01-10 18:10:54,086 INFO: *****Epoch 80 train***** 
2025-01-10 18:12:55,918 INFO: train Loss: 0.2370 - Accuracy: 0.9040 - Precision: 0.9041 - Recall: 0.9040 - F1 Score: 0.9040 
2025-01-10 18:13:02,596 INFO: val Loss: 1.0946 - val Accuracy: 0.6182 - val Precision: 0.6339 - val Recall: 0.6182 - val F1 Score: 0.6229 
2025-01-10 18:13:02,776 INFO: Best model saved with accuracy: 0.6182 
2025-01-10 18:13:02,924 INFO: -------------------------------------------------- 
2025-01-10 18:13:02,926 INFO: *****Epoch 81 train***** 
2025-01-10 18:15:06,068 INFO: train Loss: 0.2719 - Accuracy: 0.9010 - Precision: 0.9022 - Recall: 0.9010 - F1 Score: 0.9010 
2025-01-10 18:15:12,747 INFO: val Loss: 0.8888 - val Accuracy: 0.6364 - val Precision: 0.6398 - val Recall: 0.6364 - val F1 Score: 0.6379 
2025-01-10 18:15:12,925 INFO: Best model saved with accuracy: 0.6364 
2025-01-10 18:15:13,072 INFO: -------------------------------------------------- 
2025-01-10 18:15:13,074 INFO: *****Epoch 82 train***** 
2025-01-10 18:17:15,592 INFO: train Loss: 0.2723 - Accuracy: 0.8838 - Precision: 0.8842 - Recall: 0.8838 - F1 Score: 0.8838 
2025-01-10 18:17:22,304 INFO: val Loss: 1.0151 - val Accuracy: 0.6091 - val Precision: 0.6769 - val Recall: 0.6091 - val F1 Score: 0.6099 
2025-01-10 18:17:22,477 INFO: Best model saved with accuracy: 0.6091 
2025-01-10 18:17:22,626 INFO: -------------------------------------------------- 
2025-01-10 18:17:22,628 INFO: *****Epoch 83 train***** 
2025-01-10 18:19:24,974 INFO: train Loss: 0.2172 - Accuracy: 0.9172 - Precision: 0.9176 - Recall: 0.9172 - F1 Score: 0.9171 
2025-01-10 18:19:31,653 INFO: val Loss: 1.1587 - val Accuracy: 0.6000 - val Precision: 0.6628 - val Recall: 0.6000 - val F1 Score: 0.6016 
2025-01-10 18:19:31,826 INFO: Best model saved with accuracy: 0.6000 
2025-01-10 18:19:31,974 INFO: -------------------------------------------------- 
2025-01-10 18:19:31,976 INFO: *****Epoch 84 train***** 
2025-01-10 18:21:34,950 INFO: train Loss: 0.2097 - Accuracy: 0.9222 - Precision: 0.9224 - Recall: 0.9222 - F1 Score: 0.9222 
2025-01-10 18:21:41,650 INFO: val Loss: 1.1007 - val Accuracy: 0.6455 - val Precision: 0.6383 - val Recall: 0.6455 - val F1 Score: 0.6405 
2025-01-10 18:21:41,823 INFO: Best model saved with accuracy: 0.6455 
2025-01-10 18:21:41,972 INFO: -------------------------------------------------- 
2025-01-10 18:21:41,974 INFO: *****Epoch 85 train***** 
2025-01-10 18:23:45,108 INFO: train Loss: 0.2344 - Accuracy: 0.9081 - Precision: 0.9082 - Recall: 0.9081 - F1 Score: 0.9081 
2025-01-10 18:23:51,723 INFO: val Loss: 1.2936 - val Accuracy: 0.5636 - val Precision: 0.6468 - val Recall: 0.5636 - val F1 Score: 0.5593 
2025-01-10 18:23:51,899 INFO: Best model saved with accuracy: 0.5636 
2025-01-10 18:23:52,053 INFO: -------------------------------------------------- 
2025-01-10 18:23:52,055 INFO: *****Epoch 86 train***** 
2025-01-10 18:25:55,044 INFO: train Loss: 0.2180 - Accuracy: 0.9061 - Precision: 0.9061 - Recall: 0.9061 - F1 Score: 0.9061 
2025-01-10 18:26:01,748 INFO: val Loss: 1.2224 - val Accuracy: 0.6455 - val Precision: 0.6586 - val Recall: 0.6455 - val F1 Score: 0.6495 
2025-01-10 18:26:01,924 INFO: Best model saved with accuracy: 0.6455 
2025-01-10 18:26:02,072 INFO: -------------------------------------------------- 
2025-01-10 18:26:02,075 INFO: *****Epoch 87 train***** 
2025-01-10 18:28:05,227 INFO: train Loss: 0.2356 - Accuracy: 0.9172 - Precision: 0.9172 - Recall: 0.9172 - F1 Score: 0.9172 
2025-01-10 18:28:11,973 INFO: val Loss: 0.9149 - val Accuracy: 0.6273 - val Precision: 0.6096 - val Recall: 0.6273 - val F1 Score: 0.6094 
2025-01-10 18:28:12,151 INFO: Best model saved with accuracy: 0.6273 
2025-01-10 18:28:12,305 INFO: -------------------------------------------------- 
2025-01-10 18:28:12,307 INFO: *****Epoch 88 train***** 
2025-01-10 18:30:15,410 INFO: train Loss: 0.1982 - Accuracy: 0.9192 - Precision: 0.9193 - Recall: 0.9192 - F1 Score: 0.9192 
2025-01-10 18:30:22,053 INFO: val Loss: 1.0253 - val Accuracy: 0.6818 - val Precision: 0.6779 - val Recall: 0.6818 - val F1 Score: 0.6794 
2025-01-10 18:30:22,224 INFO: Best model saved with accuracy: 0.6818 
2025-01-10 18:30:22,397 INFO: -------------------------------------------------- 
2025-01-10 18:30:22,399 INFO: *****Epoch 89 train***** 
2025-01-10 18:32:25,155 INFO: train Loss: 0.2542 - Accuracy: 0.9010 - Precision: 0.9010 - Recall: 0.9010 - F1 Score: 0.9010 
2025-01-10 18:32:31,927 INFO: val Loss: 1.0048 - val Accuracy: 0.6364 - val Precision: 0.6519 - val Recall: 0.6364 - val F1 Score: 0.6408 
2025-01-10 18:32:32,106 INFO: Best model saved with accuracy: 0.6364 
2025-01-10 18:32:32,255 INFO: -------------------------------------------------- 
2025-01-10 18:32:32,257 INFO: *****Epoch 90 train***** 
2025-01-10 18:34:35,531 INFO: train Loss: 0.2542 - Accuracy: 0.8899 - Precision: 0.8899 - Recall: 0.8899 - F1 Score: 0.8899 
2025-01-10 18:34:42,283 INFO: val Loss: 0.8550 - val Accuracy: 0.6273 - val Precision: 0.6096 - val Recall: 0.6273 - val F1 Score: 0.6094 
2025-01-10 18:34:42,457 INFO: Best model saved with accuracy: 0.6273 
2025-01-10 18:34:42,606 INFO: -------------------------------------------------- 
2025-01-10 18:34:42,608 INFO: *****Epoch 91 train***** 
2025-01-10 18:36:44,674 INFO: train Loss: 0.2156 - Accuracy: 0.9242 - Precision: 0.9243 - Recall: 0.9242 - F1 Score: 0.9242 
2025-01-10 18:36:51,348 INFO: val Loss: 0.9946 - val Accuracy: 0.6364 - val Precision: 0.6332 - val Recall: 0.6364 - val F1 Score: 0.6346 
2025-01-10 18:36:51,525 INFO: Best model saved with accuracy: 0.6364 
2025-01-10 18:36:51,672 INFO: -------------------------------------------------- 
2025-01-10 18:36:51,674 INFO: *****Epoch 92 train***** 
2025-01-10 18:38:54,003 INFO: train Loss: 0.2128 - Accuracy: 0.9131 - Precision: 0.9134 - Recall: 0.9131 - F1 Score: 0.9131 
2025-01-10 18:39:00,697 INFO: val Loss: 0.9576 - val Accuracy: 0.6545 - val Precision: 0.6545 - val Recall: 0.6545 - val F1 Score: 0.6545 
2025-01-10 18:39:00,870 INFO: Best model saved with accuracy: 0.6545 
2025-01-10 18:39:01,019 INFO: -------------------------------------------------- 
2025-01-10 18:39:01,022 INFO: *****Epoch 93 train***** 
2025-01-10 18:41:04,417 INFO: train Loss: 0.2001 - Accuracy: 0.9323 - Precision: 0.9324 - Recall: 0.9323 - F1 Score: 0.9323 
2025-01-10 18:41:11,199 INFO: val Loss: 1.0440 - val Accuracy: 0.6818 - val Precision: 0.7042 - val Recall: 0.6818 - val F1 Score: 0.6862 
2025-01-10 18:41:11,382 INFO: Best model saved with accuracy: 0.6818 
2025-01-10 18:41:11,531 INFO: -------------------------------------------------- 
2025-01-10 18:41:11,533 INFO: *****Epoch 94 train***** 
2025-01-10 18:43:14,362 INFO: train Loss: 0.2202 - Accuracy: 0.9162 - Precision: 0.9162 - Recall: 0.9162 - F1 Score: 0.9162 
2025-01-10 18:43:21,105 INFO: val Loss: 1.0495 - val Accuracy: 0.6545 - val Precision: 0.6545 - val Recall: 0.6545 - val F1 Score: 0.6545 
2025-01-10 18:43:21,283 INFO: Best model saved with accuracy: 0.6545 
2025-01-10 18:43:21,434 INFO: -------------------------------------------------- 
2025-01-10 18:43:21,436 INFO: *****Epoch 95 train***** 
2025-01-10 18:45:24,293 INFO: train Loss: 0.1823 - Accuracy: 0.9374 - Precision: 0.9376 - Recall: 0.9374 - F1 Score: 0.9374 
2025-01-10 18:45:30,952 INFO: val Loss: 0.9162 - val Accuracy: 0.7273 - val Precision: 0.7300 - val Recall: 0.7273 - val F1 Score: 0.7284 
2025-01-10 18:45:31,124 INFO: Best model saved with accuracy: 0.7273 
2025-01-10 18:45:31,273 INFO: -------------------------------------------------- 
2025-01-10 18:45:31,275 INFO: *****Epoch 96 train***** 
2025-01-10 18:47:33,688 INFO: train Loss: 0.1909 - Accuracy: 0.9313 - Precision: 0.9314 - Recall: 0.9313 - F1 Score: 0.9313 
2025-01-10 18:47:40,345 INFO: val Loss: 1.1431 - val Accuracy: 0.6818 - val Precision: 0.6730 - val Recall: 0.6818 - val F1 Score: 0.6726 
2025-01-10 18:47:40,514 INFO: Best model saved with accuracy: 0.6818 
2025-01-10 18:47:40,667 INFO: -------------------------------------------------- 
2025-01-10 18:47:40,670 INFO: *****Epoch 97 train***** 
2025-01-10 18:49:42,256 INFO: train Loss: 0.1777 - Accuracy: 0.9404 - Precision: 0.9405 - Recall: 0.9404 - F1 Score: 0.9404 
2025-01-10 18:49:48,903 INFO: val Loss: 1.1318 - val Accuracy: 0.6909 - val Precision: 0.7106 - val Recall: 0.6909 - val F1 Score: 0.6951 
2025-01-10 18:49:49,076 INFO: Best model saved with accuracy: 0.6909 
2025-01-10 18:49:49,229 INFO: -------------------------------------------------- 
2025-01-10 18:49:49,231 INFO: *****Epoch 98 train***** 
2025-01-10 18:51:52,036 INFO: train Loss: 0.2359 - Accuracy: 0.9131 - Precision: 0.9132 - Recall: 0.9131 - F1 Score: 0.9131 
2025-01-10 18:51:58,797 INFO: val Loss: 1.0474 - val Accuracy: 0.6545 - val Precision: 0.6655 - val Recall: 0.6545 - val F1 Score: 0.6581 
2025-01-10 18:51:58,979 INFO: Best model saved with accuracy: 0.6545 
2025-01-10 18:51:59,130 INFO: -------------------------------------------------- 
2025-01-10 18:51:59,132 INFO: *****Epoch 99 train***** 
2025-01-10 18:54:02,335 INFO: train Loss: 0.1809 - Accuracy: 0.9313 - Precision: 0.9314 - Recall: 0.9313 - F1 Score: 0.9313 
2025-01-10 18:54:09,023 INFO: val Loss: 1.3520 - val Accuracy: 0.5909 - val Precision: 0.5607 - val Recall: 0.5909 - val F1 Score: 0.5617 
2025-01-10 18:54:09,202 INFO: Best model saved with accuracy: 0.5909 
2025-01-10 18:54:09,353 INFO: -------------------------------------------------- 
2025-01-10 18:54:09,355 INFO: *****Epoch 100 train***** 
2025-01-10 18:56:11,912 INFO: train Loss: 0.2362 - Accuracy: 0.9010 - Precision: 0.9010 - Recall: 0.9010 - F1 Score: 0.9010 
2025-01-10 18:56:18,977 INFO: val Loss: 0.8357 - val Accuracy: 0.6909 - val Precision: 0.6909 - val Recall: 0.6909 - val F1 Score: 0.6909 
2025-01-10 18:56:19,170 INFO: Best model saved with accuracy: 0.6909 
2025-01-10 18:56:19,319 INFO: -------------------------------------------------- 
2025-01-10 18:56:19,321 INFO: *****Epoch 101 train***** 
2025-01-10 18:58:22,882 INFO: train Loss: 0.1635 - Accuracy: 0.9394 - Precision: 0.9394 - Recall: 0.9394 - F1 Score: 0.9394 
2025-01-10 18:58:29,566 INFO: val Loss: 1.3810 - val Accuracy: 0.6182 - val Precision: 0.6747 - val Recall: 0.6182 - val F1 Score: 0.6210 
2025-01-10 18:58:29,742 INFO: Best model saved with accuracy: 0.6182 
2025-01-10 18:58:29,890 INFO: -------------------------------------------------- 
2025-01-10 18:58:29,892 INFO: *****Epoch 102 train***** 
