2025-01-09 11:23:43,497 INFO: º”»Îdropout 
2025-01-09 11:23:44,375 INFO: *****Epoch 1 train***** 
2025-01-09 11:25:56,134 INFO: train Loss: 0.6504 - Accuracy: 0.6121 - Precision: 0.6122 - Recall: 0.6121 - F1 Score: 0.6121 
2025-01-09 11:26:03,363 INFO: val Loss: 0.5684 - val Accuracy: 0.7818 - val Precision: 0.7872 - val Recall: 0.7818 - val F1 Score: 0.7835 
2025-01-09 11:26:03,490 INFO: Best model saved with accuracy: 0.7818 
2025-01-09 11:26:03,615 INFO: -------------------------------------------------- 
2025-01-09 11:26:03,617 INFO: *****Epoch 2 train***** 
2025-01-09 11:28:13,277 INFO: train Loss: 0.5798 - Accuracy: 0.6929 - Precision: 0.6932 - Recall: 0.6929 - F1 Score: 0.6929 
2025-01-09 11:28:20,655 INFO: val Loss: 0.5239 - val Accuracy: 0.7545 - val Precision: 0.8047 - val Recall: 0.7545 - val F1 Score: 0.7216 
2025-01-09 11:28:20,784 INFO: Best model saved with accuracy: 0.7545 
2025-01-09 11:28:20,913 INFO: -------------------------------------------------- 
2025-01-09 11:28:20,915 INFO: *****Epoch 3 train***** 
2025-01-09 11:30:30,255 INFO: train Loss: 0.5676 - Accuracy: 0.7030 - Precision: 0.7046 - Recall: 0.7030 - F1 Score: 0.7023 
2025-01-09 11:30:37,822 INFO: val Loss: 0.6815 - val Accuracy: 0.5364 - val Precision: 0.7309 - val Recall: 0.5364 - val F1 Score: 0.4971 
2025-01-09 11:30:37,938 INFO: Best model saved with accuracy: 0.5364 
2025-01-09 11:30:38,066 INFO: -------------------------------------------------- 
2025-01-09 11:30:38,068 INFO: *****Epoch 4 train***** 
2025-01-09 11:32:45,408 INFO: train Loss: 0.5287 - Accuracy: 0.7263 - Precision: 0.7293 - Recall: 0.7263 - F1 Score: 0.7255 
2025-01-09 11:32:52,773 INFO: val Loss: 0.8583 - val Accuracy: 0.6909 - val Precision: 0.7939 - val Recall: 0.6909 - val F1 Score: 0.6167 
2025-01-09 11:32:52,894 INFO: Best model saved with accuracy: 0.6909 
2025-01-09 11:32:53,024 INFO: -------------------------------------------------- 
2025-01-09 11:32:53,025 INFO: *****Epoch 5 train***** 
2025-01-09 11:35:01,187 INFO: train Loss: 0.5588 - Accuracy: 0.7121 - Precision: 0.7123 - Recall: 0.7121 - F1 Score: 0.7120 
2025-01-09 11:35:08,529 INFO: val Loss: 0.4738 - val Accuracy: 0.7636 - val Precision: 0.7607 - val Recall: 0.7636 - val F1 Score: 0.7611 
2025-01-09 11:35:08,652 INFO: Best model saved with accuracy: 0.7636 
2025-01-09 11:35:08,780 INFO: -------------------------------------------------- 
2025-01-09 11:35:08,782 INFO: *****Epoch 6 train***** 
2025-01-09 11:37:17,902 INFO: train Loss: 0.4909 - Accuracy: 0.7576 - Precision: 0.7598 - Recall: 0.7576 - F1 Score: 0.7572 
2025-01-09 11:37:25,187 INFO: val Loss: 0.5408 - val Accuracy: 0.7091 - val Precision: 0.7039 - val Recall: 0.7091 - val F1 Score: 0.6936 
2025-01-09 11:37:25,303 INFO: Best model saved with accuracy: 0.7091 
2025-01-09 11:37:25,418 INFO: -------------------------------------------------- 
2025-01-09 11:37:25,420 INFO: *****Epoch 7 train***** 
2025-01-09 11:39:34,294 INFO: train Loss: 0.5154 - Accuracy: 0.7192 - Precision: 0.7193 - Recall: 0.7192 - F1 Score: 0.7191 
2025-01-09 11:39:41,831 INFO: val Loss: 0.8145 - val Accuracy: 0.5455 - val Precision: 0.7925 - val Recall: 0.5455 - val F1 Score: 0.4981 
2025-01-09 11:39:41,956 INFO: Best model saved with accuracy: 0.5455 
2025-01-09 11:39:42,074 INFO: -------------------------------------------------- 
2025-01-09 11:39:42,076 INFO: *****Epoch 8 train***** 
2025-01-09 11:41:43,657 INFO: train Loss: 0.4582 - Accuracy: 0.7889 - Precision: 0.7895 - Recall: 0.7889 - F1 Score: 0.7888 
2025-01-09 11:41:51,180 INFO: val Loss: 0.4821 - val Accuracy: 0.7455 - val Precision: 0.7500 - val Recall: 0.7455 - val F1 Score: 0.7289 
2025-01-09 11:41:51,301 INFO: Best model saved with accuracy: 0.7455 
2025-01-09 11:41:51,428 INFO: -------------------------------------------------- 
2025-01-09 11:41:51,429 INFO: *****Epoch 9 train***** 
2025-01-09 11:43:56,895 INFO: train Loss: 0.4282 - Accuracy: 0.7970 - Precision: 0.7973 - Recall: 0.7970 - F1 Score: 0.7969 
2025-01-09 11:44:01,983 INFO: val Loss: 0.5329 - val Accuracy: 0.7364 - val Precision: 0.7643 - val Recall: 0.7364 - val F1 Score: 0.7401 
2025-01-09 11:44:02,073 INFO: Best model saved with accuracy: 0.7364 
2025-01-09 11:44:02,161 INFO: -------------------------------------------------- 
2025-01-09 11:44:02,162 INFO: *****Epoch 10 train***** 
2025-01-09 11:45:28,880 INFO: train Loss: 0.4264 - Accuracy: 0.7879 - Precision: 0.7897 - Recall: 0.7879 - F1 Score: 0.7876 
2025-01-09 11:45:33,826 INFO: val Loss: 0.5276 - val Accuracy: 0.7545 - val Precision: 0.7528 - val Recall: 0.7545 - val F1 Score: 0.7452 
2025-01-09 11:45:33,916 INFO: Best model saved with accuracy: 0.7545 
2025-01-09 11:45:33,998 INFO: -------------------------------------------------- 
2025-01-09 11:45:33,999 INFO: *****Epoch 11 train***** 
2025-01-09 11:47:08,268 INFO: train Loss: 0.4268 - Accuracy: 0.8071 - Precision: 0.8071 - Recall: 0.8071 - F1 Score: 0.8071 
2025-01-09 11:47:15,534 INFO: val Loss: 0.6019 - val Accuracy: 0.7000 - val Precision: 0.7279 - val Recall: 0.7000 - val F1 Score: 0.7042 
2025-01-09 11:47:15,660 INFO: Best model saved with accuracy: 0.7000 
2025-01-09 11:47:15,779 INFO: -------------------------------------------------- 
2025-01-09 11:47:15,781 INFO: *****Epoch 12 train***** 
2025-01-09 11:49:24,743 INFO: train Loss: 0.3960 - Accuracy: 0.8273 - Precision: 0.8274 - Recall: 0.8273 - F1 Score: 0.8272 
2025-01-09 11:49:32,068 INFO: val Loss: 0.5605 - val Accuracy: 0.7455 - val Precision: 0.7413 - val Recall: 0.7455 - val F1 Score: 0.7391 
2025-01-09 11:49:32,192 INFO: Best model saved with accuracy: 0.7455 
2025-01-09 11:49:32,309 INFO: -------------------------------------------------- 
2025-01-09 11:49:32,311 INFO: *****Epoch 13 train***** 
2025-01-09 11:51:40,835 INFO: train Loss: 0.3675 - Accuracy: 0.8475 - Precision: 0.8478 - Recall: 0.8475 - F1 Score: 0.8475 
2025-01-09 11:51:48,007 INFO: val Loss: 0.5237 - val Accuracy: 0.7727 - val Precision: 0.7718 - val Recall: 0.7727 - val F1 Score: 0.7722 
2025-01-09 11:51:48,134 INFO: Best model saved with accuracy: 0.7727 
2025-01-09 11:51:48,249 INFO: -------------------------------------------------- 
2025-01-09 11:51:48,251 INFO: *****Epoch 14 train***** 
2025-01-09 11:53:56,225 INFO: train Loss: 0.3614 - Accuracy: 0.8455 - Precision: 0.8456 - Recall: 0.8455 - F1 Score: 0.8455 
2025-01-09 11:54:03,502 INFO: val Loss: 0.5644 - val Accuracy: 0.6909 - val Precision: 0.7106 - val Recall: 0.6909 - val F1 Score: 0.6951 
2025-01-09 11:54:03,625 INFO: Best model saved with accuracy: 0.6909 
2025-01-09 11:54:03,734 INFO: -------------------------------------------------- 
2025-01-09 11:54:03,736 INFO: *****Epoch 15 train***** 
2025-01-09 11:56:12,414 INFO: train Loss: 0.3520 - Accuracy: 0.8374 - Precision: 0.8374 - Recall: 0.8374 - F1 Score: 0.8374 
2025-01-09 11:56:19,507 INFO: val Loss: 0.4882 - val Accuracy: 0.7636 - val Precision: 0.7775 - val Recall: 0.7636 - val F1 Score: 0.7665 
2025-01-09 11:56:19,646 INFO: Best model saved with accuracy: 0.7636 
2025-01-09 11:56:19,761 INFO: -------------------------------------------------- 
2025-01-09 11:56:19,763 INFO: *****Epoch 16 train***** 
2025-01-09 11:58:27,737 INFO: train Loss: 0.2909 - Accuracy: 0.8737 - Precision: 0.8738 - Recall: 0.8737 - F1 Score: 0.8737 
2025-01-09 11:58:35,283 INFO: val Loss: 0.7393 - val Accuracy: 0.6636 - val Precision: 0.7371 - val Recall: 0.6636 - val F1 Score: 0.6643 
2025-01-09 11:58:35,389 INFO: Best model saved with accuracy: 0.6636 
2025-01-09 11:58:35,496 INFO: -------------------------------------------------- 
2025-01-09 11:58:35,497 INFO: *****Epoch 17 train***** 
2025-01-09 12:00:44,660 INFO: train Loss: 0.2942 - Accuracy: 0.8838 - Precision: 0.8838 - Recall: 0.8838 - F1 Score: 0.8838 
2025-01-09 12:00:51,981 INFO: val Loss: 0.7816 - val Accuracy: 0.7455 - val Precision: 0.7767 - val Recall: 0.7455 - val F1 Score: 0.7490 
2025-01-09 12:00:52,101 INFO: Best model saved with accuracy: 0.7455 
2025-01-09 12:00:52,219 INFO: -------------------------------------------------- 
2025-01-09 12:00:52,221 INFO: *****Epoch 18 train***** 
2025-01-09 12:03:02,448 INFO: train Loss: 0.3156 - Accuracy: 0.8586 - Precision: 0.8586 - Recall: 0.8586 - F1 Score: 0.8586 
2025-01-09 12:03:09,983 INFO: val Loss: 0.7677 - val Accuracy: 0.6636 - val Precision: 0.6521 - val Recall: 0.6636 - val F1 Score: 0.6509 
2025-01-09 12:03:10,117 INFO: Best model saved with accuracy: 0.6636 
2025-01-09 12:03:10,237 INFO: -------------------------------------------------- 
2025-01-09 12:03:10,238 INFO: *****Epoch 19 train***** 
2025-01-09 12:05:18,161 INFO: train Loss: 0.2631 - Accuracy: 0.8949 - Precision: 0.8953 - Recall: 0.8949 - F1 Score: 0.8949 
2025-01-09 12:05:25,521 INFO: val Loss: 0.7803 - val Accuracy: 0.6727 - val Precision: 0.7169 - val Recall: 0.6727 - val F1 Score: 0.6766 
2025-01-09 12:05:25,648 INFO: Best model saved with accuracy: 0.6727 
2025-01-09 12:05:25,767 INFO: -------------------------------------------------- 
2025-01-09 12:05:25,768 INFO: *****Epoch 20 train***** 
2025-01-09 12:07:34,562 INFO: train Loss: 0.2335 - Accuracy: 0.8980 - Precision: 0.8980 - Recall: 0.8980 - F1 Score: 0.8980 
2025-01-09 12:07:41,725 INFO: val Loss: 0.9761 - val Accuracy: 0.6818 - val Precision: 0.7804 - val Recall: 0.6818 - val F1 Score: 0.6795 
2025-01-09 12:07:41,854 INFO: Best model saved with accuracy: 0.6818 
2025-01-09 12:07:41,965 INFO: -------------------------------------------------- 
2025-01-09 12:07:41,966 INFO: *****Epoch 21 train***** 
2025-01-09 12:09:51,115 INFO: train Loss: 0.2842 - Accuracy: 0.8869 - Precision: 0.8869 - Recall: 0.8869 - F1 Score: 0.8869 
2025-01-09 12:09:58,499 INFO: val Loss: 0.7834 - val Accuracy: 0.7455 - val Precision: 0.7421 - val Recall: 0.7455 - val F1 Score: 0.7427 
2025-01-09 12:09:58,621 INFO: Best model saved with accuracy: 0.7455 
2025-01-09 12:09:58,730 INFO: -------------------------------------------------- 
2025-01-09 12:09:58,731 INFO: *****Epoch 22 train***** 
2025-01-09 12:12:09,074 INFO: train Loss: 0.2205 - Accuracy: 0.9131 - Precision: 0.9132 - Recall: 0.9131 - F1 Score: 0.9131 
2025-01-09 12:12:16,427 INFO: val Loss: 0.7475 - val Accuracy: 0.7455 - val Precision: 0.7513 - val Recall: 0.7455 - val F1 Score: 0.7474 
2025-01-09 12:12:16,556 INFO: Best model saved with accuracy: 0.7455 
2025-01-09 12:12:16,673 INFO: -------------------------------------------------- 
2025-01-09 12:12:16,675 INFO: *****Epoch 23 train***** 
2025-01-09 12:14:24,165 INFO: train Loss: 0.1943 - Accuracy: 0.9232 - Precision: 0.9234 - Recall: 0.9232 - F1 Score: 0.9232 
2025-01-09 12:14:31,578 INFO: val Loss: 0.8605 - val Accuracy: 0.7364 - val Precision: 0.7376 - val Recall: 0.7364 - val F1 Score: 0.7369 
2025-01-09 12:14:31,704 INFO: Best model saved with accuracy: 0.7364 
2025-01-09 12:14:31,813 INFO: -------------------------------------------------- 
2025-01-09 12:14:31,815 INFO: *****Epoch 24 train***** 
2025-01-09 12:16:40,802 INFO: train Loss: 0.2706 - Accuracy: 0.8808 - Precision: 0.8812 - Recall: 0.8808 - F1 Score: 0.8808 
2025-01-09 12:16:47,981 INFO: val Loss: 0.7117 - val Accuracy: 0.7091 - val Precision: 0.7091 - val Recall: 0.7091 - val F1 Score: 0.7091 
2025-01-09 12:16:48,106 INFO: Best model saved with accuracy: 0.7091 
2025-01-09 12:16:48,227 INFO: -------------------------------------------------- 
2025-01-09 12:16:48,229 INFO: *****Epoch 25 train***** 
2025-01-09 12:18:56,256 INFO: train Loss: 0.2223 - Accuracy: 0.9091 - Precision: 0.9093 - Recall: 0.9091 - F1 Score: 0.9091 
2025-01-09 12:19:03,699 INFO: val Loss: 1.1107 - val Accuracy: 0.6727 - val Precision: 0.7762 - val Recall: 0.6727 - val F1 Score: 0.6695 
2025-01-09 12:19:03,823 INFO: Best model saved with accuracy: 0.6727 
2025-01-09 12:19:03,941 INFO: -------------------------------------------------- 
2025-01-09 12:19:03,943 INFO: *****Epoch 26 train***** 
2025-01-09 12:21:04,690 INFO: train Loss: 0.2044 - Accuracy: 0.9162 - Precision: 0.9163 - Recall: 0.9162 - F1 Score: 0.9162 
2025-01-09 12:21:09,690 INFO: val Loss: 0.5945 - val Accuracy: 0.7818 - val Precision: 0.8208 - val Recall: 0.7818 - val F1 Score: 0.7847 
2025-01-09 12:21:09,776 INFO: Best model saved with accuracy: 0.7818 
2025-01-09 12:21:09,855 INFO: -------------------------------------------------- 
2025-01-09 12:21:09,856 INFO: *****Epoch 27 train***** 
2025-01-09 12:22:34,170 INFO: train Loss: 0.1685 - Accuracy: 0.9384 - Precision: 0.9385 - Recall: 0.9384 - F1 Score: 0.9384 
2025-01-09 12:22:39,271 INFO: val Loss: 0.7778 - val Accuracy: 0.7182 - val Precision: 0.7149 - val Recall: 0.7182 - val F1 Score: 0.7160 
2025-01-09 12:22:39,354 INFO: Best model saved with accuracy: 0.7182 
2025-01-09 12:22:39,434 INFO: -------------------------------------------------- 
2025-01-09 12:22:39,435 INFO: *****Epoch 28 train***** 
2025-01-09 12:24:04,229 INFO: train Loss: 0.1345 - Accuracy: 0.9424 - Precision: 0.9424 - Recall: 0.9424 - F1 Score: 0.9424 
2025-01-09 12:24:09,222 INFO: val Loss: 0.9304 - val Accuracy: 0.7182 - val Precision: 0.7125 - val Recall: 0.7182 - val F1 Score: 0.7075 
2025-01-09 12:24:09,307 INFO: Best model saved with accuracy: 0.7182 
2025-01-09 12:24:09,386 INFO: -------------------------------------------------- 
2025-01-09 12:24:09,387 INFO: *****Epoch 29 train***** 
2025-01-09 12:25:33,734 INFO: train Loss: 0.1787 - Accuracy: 0.9263 - Precision: 0.9263 - Recall: 0.9263 - F1 Score: 0.9263 
2025-01-09 12:25:38,706 INFO: val Loss: 0.7354 - val Accuracy: 0.7273 - val Precision: 0.7416 - val Recall: 0.7273 - val F1 Score: 0.7306 
2025-01-09 12:25:38,791 INFO: Best model saved with accuracy: 0.7273 
2025-01-09 12:25:38,868 INFO: -------------------------------------------------- 
2025-01-09 12:25:38,869 INFO: *****Epoch 30 train***** 
2025-01-09 12:27:02,766 INFO: train Loss: 0.2013 - Accuracy: 0.9202 - Precision: 0.9203 - Recall: 0.9202 - F1 Score: 0.9202 
2025-01-09 12:27:07,755 INFO: val Loss: 1.1380 - val Accuracy: 0.6636 - val Precision: 0.6509 - val Recall: 0.6636 - val F1 Score: 0.6397 
2025-01-09 12:27:07,838 INFO: Best model saved with accuracy: 0.6636 
2025-01-09 12:27:07,913 INFO: -------------------------------------------------- 
2025-01-09 12:27:07,915 INFO: *****Epoch 31 train***** 
2025-01-09 12:28:32,419 INFO: train Loss: 0.2087 - Accuracy: 0.9202 - Precision: 0.9202 - Recall: 0.9202 - F1 Score: 0.9202 
2025-01-09 12:28:37,538 INFO: val Loss: 0.7003 - val Accuracy: 0.6818 - val Precision: 0.6742 - val Recall: 0.6818 - val F1 Score: 0.6751 
2025-01-09 12:28:37,632 INFO: Best model saved with accuracy: 0.6818 
2025-01-09 12:28:37,715 INFO: -------------------------------------------------- 
2025-01-09 12:28:37,716 INFO: *****Epoch 32 train***** 
2025-01-09 12:30:01,710 INFO: train Loss: 0.1600 - Accuracy: 0.9475 - Precision: 0.9475 - Recall: 0.9475 - F1 Score: 0.9475 
2025-01-09 12:30:06,703 INFO: val Loss: 0.6646 - val Accuracy: 0.7182 - val Precision: 0.7262 - val Recall: 0.7182 - val F1 Score: 0.7207 
2025-01-09 12:30:06,789 INFO: Best model saved with accuracy: 0.7182 
2025-01-09 12:30:06,867 INFO: -------------------------------------------------- 
2025-01-09 12:30:06,868 INFO: *****Epoch 33 train***** 
2025-01-09 12:31:30,994 INFO: train Loss: 0.1228 - Accuracy: 0.9515 - Precision: 0.9515 - Recall: 0.9515 - F1 Score: 0.9515 
2025-01-09 12:31:36,043 INFO: val Loss: 1.0071 - val Accuracy: 0.6636 - val Precision: 0.7190 - val Recall: 0.6636 - val F1 Score: 0.6666 
2025-01-09 12:31:36,133 INFO: Best model saved with accuracy: 0.6636 
2025-01-09 12:31:36,212 INFO: -------------------------------------------------- 
2025-01-09 12:31:36,213 INFO: *****Epoch 34 train***** 
2025-01-09 12:33:01,284 INFO: train Loss: 0.1355 - Accuracy: 0.9505 - Precision: 0.9506 - Recall: 0.9505 - F1 Score: 0.9505 
2025-01-09 12:33:06,347 INFO: val Loss: 0.9896 - val Accuracy: 0.7000 - val Precision: 0.7014 - val Recall: 0.7000 - val F1 Score: 0.7007 
2025-01-09 12:33:06,438 INFO: Best model saved with accuracy: 0.7000 
2025-01-09 12:33:06,521 INFO: -------------------------------------------------- 
2025-01-09 12:33:06,522 INFO: *****Epoch 35 train***** 
2025-01-09 12:34:31,203 INFO: train Loss: 0.1222 - Accuracy: 0.9475 - Precision: 0.9475 - Recall: 0.9475 - F1 Score: 0.9475 
2025-01-09 12:34:36,232 INFO: val Loss: 0.9305 - val Accuracy: 0.6818 - val Precision: 0.6804 - val Recall: 0.6818 - val F1 Score: 0.6811 
2025-01-09 12:34:36,317 INFO: Best model saved with accuracy: 0.6818 
2025-01-09 12:34:36,396 INFO: -------------------------------------------------- 
2025-01-09 12:34:36,397 INFO: *****Epoch 36 train***** 
2025-01-09 12:36:00,876 INFO: train Loss: 0.1330 - Accuracy: 0.9505 - Precision: 0.9505 - Recall: 0.9505 - F1 Score: 0.9505 
2025-01-09 12:36:05,914 INFO: val Loss: 0.7813 - val Accuracy: 0.7091 - val Precision: 0.7067 - val Recall: 0.7091 - val F1 Score: 0.7077 
2025-01-09 12:36:05,999 INFO: Best model saved with accuracy: 0.7091 
2025-01-09 12:36:06,076 INFO: -------------------------------------------------- 
2025-01-09 12:36:06,077 INFO: *****Epoch 37 train***** 
2025-01-09 12:37:30,671 INFO: train Loss: 0.1192 - Accuracy: 0.9505 - Precision: 0.9505 - Recall: 0.9505 - F1 Score: 0.9505 
2025-01-09 12:37:35,730 INFO: val Loss: 0.8062 - val Accuracy: 0.7545 - val Precision: 0.7510 - val Recall: 0.7545 - val F1 Score: 0.7511 
2025-01-09 12:37:35,814 INFO: Best model saved with accuracy: 0.7545 
2025-01-09 12:37:35,892 INFO: -------------------------------------------------- 
2025-01-09 12:37:35,893 INFO: *****Epoch 38 train***** 
2025-01-09 12:39:01,123 INFO: train Loss: 0.0996 - Accuracy: 0.9556 - Precision: 0.9556 - Recall: 0.9556 - F1 Score: 0.9556 
2025-01-09 12:39:06,154 INFO: val Loss: 0.8310 - val Accuracy: 0.7182 - val Precision: 0.7136 - val Recall: 0.7182 - val F1 Score: 0.7047 
2025-01-09 12:39:06,243 INFO: Best model saved with accuracy: 0.7182 
2025-01-09 12:39:06,319 INFO: -------------------------------------------------- 
2025-01-09 12:39:06,320 INFO: *****Epoch 39 train***** 
2025-01-09 12:40:30,617 INFO: train Loss: 0.1743 - Accuracy: 0.9384 - Precision: 0.9384 - Recall: 0.9384 - F1 Score: 0.9384 
2025-01-09 12:40:35,663 INFO: val Loss: 0.9805 - val Accuracy: 0.6636 - val Precision: 0.7112 - val Recall: 0.6636 - val F1 Score: 0.6673 
2025-01-09 12:40:35,751 INFO: Best model saved with accuracy: 0.6636 
2025-01-09 12:40:35,828 INFO: -------------------------------------------------- 
2025-01-09 12:40:35,829 INFO: *****Epoch 40 train***** 
2025-01-09 12:42:00,306 INFO: train Loss: 0.1441 - Accuracy: 0.9475 - Precision: 0.9475 - Recall: 0.9475 - F1 Score: 0.9475 
2025-01-09 12:42:05,297 INFO: val Loss: 1.7407 - val Accuracy: 0.6545 - val Precision: 0.7784 - val Recall: 0.6545 - val F1 Score: 0.5496 
2025-01-09 12:42:05,381 INFO: Best model saved with accuracy: 0.6545 
2025-01-09 12:42:05,459 INFO: -------------------------------------------------- 
2025-01-09 12:42:05,459 INFO: *****Epoch 41 train***** 
2025-01-09 12:43:30,242 INFO: train Loss: 0.1530 - Accuracy: 0.9465 - Precision: 0.9465 - Recall: 0.9465 - F1 Score: 0.9465 
2025-01-09 12:43:35,253 INFO: val Loss: 0.8857 - val Accuracy: 0.6727 - val Precision: 0.6926 - val Recall: 0.6727 - val F1 Score: 0.6771 
2025-01-09 12:43:35,339 INFO: Best model saved with accuracy: 0.6727 
2025-01-09 12:43:35,417 INFO: -------------------------------------------------- 
2025-01-09 12:43:35,418 INFO: *****Epoch 42 train***** 
2025-01-09 12:45:03,270 INFO: train Loss: 0.1307 - Accuracy: 0.9505 - Precision: 0.9505 - Recall: 0.9505 - F1 Score: 0.9505 
2025-01-09 12:45:10,583 INFO: val Loss: 1.0013 - val Accuracy: 0.6818 - val Precision: 0.7301 - val Recall: 0.6818 - val F1 Score: 0.6853 
2025-01-09 12:45:10,709 INFO: Best model saved with accuracy: 0.6818 
2025-01-09 12:45:10,828 INFO: -------------------------------------------------- 
2025-01-09 12:45:10,830 INFO: *****Epoch 43 train***** 
2025-01-09 12:47:20,363 INFO: train Loss: 0.1023 - Accuracy: 0.9596 - Precision: 0.9596 - Recall: 0.9596 - F1 Score: 0.9596 
2025-01-09 12:47:27,764 INFO: val Loss: 1.2791 - val Accuracy: 0.5636 - val Precision: 0.6103 - val Recall: 0.5636 - val F1 Score: 0.5680 
2025-01-09 12:47:27,884 INFO: Best model saved with accuracy: 0.5636 
2025-01-09 12:47:28,002 INFO: -------------------------------------------------- 
2025-01-09 12:47:28,004 INFO: *****Epoch 44 train***** 
2025-01-09 12:49:35,586 INFO: train Loss: 0.1111 - Accuracy: 0.9586 - Precision: 0.9587 - Recall: 0.9586 - F1 Score: 0.9586 
2025-01-09 12:49:43,327 INFO: val Loss: 1.2682 - val Accuracy: 0.6727 - val Precision: 0.6655 - val Recall: 0.6727 - val F1 Score: 0.6671 
2025-01-09 12:49:43,454 INFO: Best model saved with accuracy: 0.6727 
2025-01-09 12:49:43,573 INFO: -------------------------------------------------- 
2025-01-09 12:49:43,575 INFO: *****Epoch 45 train***** 
2025-01-09 12:51:54,543 INFO: train Loss: 0.1284 - Accuracy: 0.9475 - Precision: 0.9475 - Recall: 0.9475 - F1 Score: 0.9475 
2025-01-09 12:52:02,054 INFO: val Loss: 1.1811 - val Accuracy: 0.6636 - val Precision: 0.7591 - val Recall: 0.6636 - val F1 Score: 0.6612 
2025-01-09 12:52:02,177 INFO: Best model saved with accuracy: 0.6636 
2025-01-09 12:52:02,296 INFO: -------------------------------------------------- 
2025-01-09 12:52:02,298 INFO: *****Epoch 46 train***** 
2025-01-09 12:54:11,864 INFO: train Loss: 0.1005 - Accuracy: 0.9677 - Precision: 0.9677 - Recall: 0.9677 - F1 Score: 0.9677 
2025-01-09 12:54:19,224 INFO: val Loss: 0.9760 - val Accuracy: 0.6909 - val Precision: 0.6909 - val Recall: 0.6909 - val F1 Score: 0.6909 
2025-01-09 12:54:19,339 INFO: Best model saved with accuracy: 0.6909 
2025-01-09 12:54:19,456 INFO: -------------------------------------------------- 
2025-01-09 12:54:19,458 INFO: *****Epoch 47 train***** 
2025-01-09 12:56:28,643 INFO: train Loss: 0.1012 - Accuracy: 0.9646 - Precision: 0.9647 - Recall: 0.9646 - F1 Score: 0.9646 
2025-01-09 12:56:35,961 INFO: val Loss: 0.9419 - val Accuracy: 0.7364 - val Precision: 0.7322 - val Recall: 0.7364 - val F1 Score: 0.7327 
2025-01-09 12:56:36,085 INFO: Best model saved with accuracy: 0.7364 
2025-01-09 12:56:36,204 INFO: -------------------------------------------------- 
2025-01-09 12:56:36,206 INFO: *****Epoch 48 train***** 
2025-01-09 12:58:44,402 INFO: train Loss: 0.0961 - Accuracy: 0.9677 - Precision: 0.9677 - Recall: 0.9677 - F1 Score: 0.9677 
2025-01-09 12:58:51,971 INFO: val Loss: 0.9985 - val Accuracy: 0.7364 - val Precision: 0.7344 - val Recall: 0.7364 - val F1 Score: 0.7237 
2025-01-09 12:58:52,095 INFO: Best model saved with accuracy: 0.7364 
2025-01-09 12:58:52,214 INFO: -------------------------------------------------- 
2025-01-09 12:58:52,215 INFO: *****Epoch 49 train***** 
2025-01-09 13:01:02,155 INFO: train Loss: 0.0551 - Accuracy: 0.9818 - Precision: 0.9818 - Recall: 0.9818 - F1 Score: 0.9818 
2025-01-09 13:01:09,467 INFO: val Loss: 1.2926 - val Accuracy: 0.6818 - val Precision: 0.7382 - val Recall: 0.6818 - val F1 Score: 0.6846 
2025-01-09 13:01:09,594 INFO: Best model saved with accuracy: 0.6818 
2025-01-09 13:01:09,779 INFO: -------------------------------------------------- 
2025-01-09 13:01:09,780 INFO: *****Epoch 50 train***** 
2025-01-09 13:03:20,343 INFO: train Loss: 0.0561 - Accuracy: 0.9808 - Precision: 0.9808 - Recall: 0.9808 - F1 Score: 0.9808 
2025-01-09 13:03:27,685 INFO: val Loss: 1.0279 - val Accuracy: 0.7455 - val Precision: 0.7455 - val Recall: 0.7455 - val F1 Score: 0.7455 
2025-01-09 13:03:27,796 INFO: Best model saved with accuracy: 0.7455 
2025-01-09 13:03:27,913 INFO: -------------------------------------------------- 
2025-01-09 13:03:27,915 INFO: *****Epoch 51 train***** 
2025-01-09 13:05:36,884 INFO: train Loss: 0.0669 - Accuracy: 0.9778 - Precision: 0.9778 - Recall: 0.9778 - F1 Score: 0.9778 
2025-01-09 13:05:44,183 INFO: val Loss: 1.3662 - val Accuracy: 0.6364 - val Precision: 0.6730 - val Recall: 0.6364 - val F1 Score: 0.6412 
2025-01-09 13:05:44,308 INFO: Best model saved with accuracy: 0.6364 
2025-01-09 13:05:44,428 INFO: -------------------------------------------------- 
2025-01-09 13:05:44,429 INFO: *****Epoch 52 train***** 
2025-01-09 13:07:54,796 INFO: train Loss: 0.0822 - Accuracy: 0.9717 - Precision: 0.9717 - Recall: 0.9717 - F1 Score: 0.9717 
2025-01-09 13:08:02,204 INFO: val Loss: 1.1603 - val Accuracy: 0.7000 - val Precision: 0.6940 - val Recall: 0.7000 - val F1 Score: 0.6823 
2025-01-09 13:08:02,329 INFO: Best model saved with accuracy: 0.7000 
2025-01-09 13:08:02,479 INFO: -------------------------------------------------- 
2025-01-09 13:08:02,480 INFO: *****Epoch 53 train***** 
2025-01-09 13:10:13,791 INFO: train Loss: 0.0818 - Accuracy: 0.9677 - Precision: 0.9677 - Recall: 0.9677 - F1 Score: 0.9677 
2025-01-09 13:10:21,363 INFO: val Loss: 1.1415 - val Accuracy: 0.7273 - val Precision: 0.7219 - val Recall: 0.7273 - val F1 Score: 0.7205 
2025-01-09 13:10:21,490 INFO: Best model saved with accuracy: 0.7273 
2025-01-09 13:10:21,610 INFO: -------------------------------------------------- 
2025-01-09 13:10:21,611 INFO: *****Epoch 54 train***** 
2025-01-09 13:12:31,132 INFO: train Loss: 0.1172 - Accuracy: 0.9515 - Precision: 0.9515 - Recall: 0.9515 - F1 Score: 0.9515 
2025-01-09 13:12:38,386 INFO: val Loss: 0.9551 - val Accuracy: 0.7818 - val Precision: 0.7793 - val Recall: 0.7818 - val F1 Score: 0.7795 
2025-01-09 13:12:38,510 INFO: Best model saved with accuracy: 0.7818 
2025-01-09 13:12:38,626 INFO: -------------------------------------------------- 
2025-01-09 13:12:38,627 INFO: *****Epoch 55 train***** 
2025-01-09 13:14:47,799 INFO: train Loss: 0.0687 - Accuracy: 0.9727 - Precision: 0.9727 - Recall: 0.9727 - F1 Score: 0.9727 
2025-01-09 13:14:55,233 INFO: val Loss: 0.8320 - val Accuracy: 0.7545 - val Precision: 0.7535 - val Recall: 0.7545 - val F1 Score: 0.7540 
2025-01-09 13:14:55,352 INFO: Best model saved with accuracy: 0.7545 
2025-01-09 13:14:55,472 INFO: -------------------------------------------------- 
2025-01-09 13:14:55,473 INFO: *****Epoch 56 train***** 
2025-01-09 13:17:05,027 INFO: train Loss: 0.0791 - Accuracy: 0.9646 - Precision: 0.9647 - Recall: 0.9646 - F1 Score: 0.9646 
2025-01-09 13:17:12,202 INFO: val Loss: 1.3840 - val Accuracy: 0.6182 - val Precision: 0.7009 - val Recall: 0.6182 - val F1 Score: 0.6164 
2025-01-09 13:17:12,324 INFO: Best model saved with accuracy: 0.6182 
2025-01-09 13:17:12,442 INFO: -------------------------------------------------- 
2025-01-09 13:17:12,443 INFO: *****Epoch 57 train***** 
2025-01-09 13:19:22,220 INFO: train Loss: 0.0749 - Accuracy: 0.9727 - Precision: 0.9728 - Recall: 0.9727 - F1 Score: 0.9727 
2025-01-09 13:19:29,761 INFO: val Loss: 0.9998 - val Accuracy: 0.7091 - val Precision: 0.7286 - val Recall: 0.7091 - val F1 Score: 0.7130 
2025-01-09 13:19:29,885 INFO: Best model saved with accuracy: 0.7091 
2025-01-09 13:19:30,006 INFO: -------------------------------------------------- 
2025-01-09 13:19:30,007 INFO: *****Epoch 58 train***** 
2025-01-09 13:21:39,954 INFO: train Loss: 0.0916 - Accuracy: 0.9657 - Precision: 0.9657 - Recall: 0.9657 - F1 Score: 0.9657 
2025-01-09 13:21:47,632 INFO: val Loss: 1.7705 - val Accuracy: 0.6273 - val Precision: 0.7554 - val Recall: 0.6273 - val F1 Score: 0.6175 
2025-01-09 13:21:47,759 INFO: Best model saved with accuracy: 0.6273 
2025-01-09 13:21:47,882 INFO: -------------------------------------------------- 
2025-01-09 13:21:47,884 INFO: *****Epoch 59 train***** 
2025-01-09 13:23:58,917 INFO: train Loss: 0.0844 - Accuracy: 0.9606 - Precision: 0.9607 - Recall: 0.9606 - F1 Score: 0.9606 
2025-01-09 13:24:06,276 INFO: val Loss: 1.2778 - val Accuracy: 0.6727 - val Precision: 0.7100 - val Recall: 0.6727 - val F1 Score: 0.6771 
2025-01-09 13:24:06,398 INFO: Best model saved with accuracy: 0.6727 
2025-01-09 13:24:06,516 INFO: -------------------------------------------------- 
2025-01-09 13:24:06,518 INFO: *****Epoch 60 train***** 
2025-01-09 13:26:16,053 INFO: train Loss: 0.1048 - Accuracy: 0.9677 - Precision: 0.9677 - Recall: 0.9677 - F1 Score: 0.9677 
2025-01-09 13:26:23,306 INFO: val Loss: 1.2266 - val Accuracy: 0.7727 - val Precision: 0.7729 - val Recall: 0.7727 - val F1 Score: 0.7641 
2025-01-09 13:26:23,430 INFO: Best model saved with accuracy: 0.7727 
2025-01-09 13:26:23,544 INFO: -------------------------------------------------- 
2025-01-09 13:26:23,546 INFO: *****Epoch 61 train***** 
2025-01-09 13:28:31,905 INFO: train Loss: 0.0985 - Accuracy: 0.9636 - Precision: 0.9636 - Recall: 0.9636 - F1 Score: 0.9636 
2025-01-09 13:28:39,387 INFO: val Loss: 0.9828 - val Accuracy: 0.7182 - val Precision: 0.7226 - val Recall: 0.7182 - val F1 Score: 0.7199 
2025-01-09 13:28:39,502 INFO: Best model saved with accuracy: 0.7182 
2025-01-09 13:28:39,620 INFO: -------------------------------------------------- 
2025-01-09 13:28:39,622 INFO: *****Epoch 62 train***** 
2025-01-09 13:30:48,840 INFO: train Loss: 0.0538 - Accuracy: 0.9818 - Precision: 0.9819 - Recall: 0.9818 - F1 Score: 0.9818 
2025-01-09 13:30:56,138 INFO: val Loss: 1.1809 - val Accuracy: 0.6636 - val Precision: 0.7276 - val Recall: 0.6636 - val F1 Score: 0.6656 
2025-01-09 13:30:56,264 INFO: Best model saved with accuracy: 0.6636 
2025-01-09 13:30:56,363 INFO: -------------------------------------------------- 
2025-01-09 13:30:56,364 INFO: *****Epoch 63 train***** 
2025-01-09 13:33:05,759 INFO: train Loss: 0.1022 - Accuracy: 0.9636 - Precision: 0.9636 - Recall: 0.9636 - F1 Score: 0.9636 
2025-01-09 13:33:13,094 INFO: val Loss: 1.3317 - val Accuracy: 0.6455 - val Precision: 0.7080 - val Recall: 0.6455 - val F1 Score: 0.6475 
2025-01-09 13:33:13,215 INFO: Best model saved with accuracy: 0.6455 
2025-01-09 13:33:13,324 INFO: -------------------------------------------------- 
2025-01-09 13:33:13,325 INFO: *****Epoch 64 train***** 
2025-01-09 13:35:22,910 INFO: train Loss: 0.1101 - Accuracy: 0.9616 - Precision: 0.9617 - Recall: 0.9616 - F1 Score: 0.9616 
2025-01-09 13:35:30,679 INFO: val Loss: 1.7048 - val Accuracy: 0.6727 - val Precision: 0.7636 - val Recall: 0.6727 - val F1 Score: 0.6712 
2025-01-09 13:35:30,804 INFO: Best model saved with accuracy: 0.6727 
2025-01-09 13:35:30,920 INFO: -------------------------------------------------- 
2025-01-09 13:35:30,922 INFO: *****Epoch 65 train***** 
2025-01-09 13:37:44,879 INFO: train Loss: 0.0854 - Accuracy: 0.9657 - Precision: 0.9657 - Recall: 0.9657 - F1 Score: 0.9657 
2025-01-09 13:37:52,423 INFO: val Loss: 0.9952 - val Accuracy: 0.6818 - val Precision: 0.6866 - val Recall: 0.6818 - val F1 Score: 0.6837 
2025-01-09 13:37:52,547 INFO: Best model saved with accuracy: 0.6818 
2025-01-09 13:37:52,673 INFO: -------------------------------------------------- 
2025-01-09 13:37:52,675 INFO: *****Epoch 66 train***** 
2025-01-09 13:40:08,261 INFO: train Loss: 0.0745 - Accuracy: 0.9737 - Precision: 0.9737 - Recall: 0.9737 - F1 Score: 0.9737 
2025-01-09 13:40:15,484 INFO: val Loss: 1.2520 - val Accuracy: 0.7545 - val Precision: 0.7528 - val Recall: 0.7545 - val F1 Score: 0.7452 
2025-01-09 13:40:15,613 INFO: Best model saved with accuracy: 0.7545 
2025-01-09 13:40:15,807 INFO: -------------------------------------------------- 
2025-01-09 13:40:15,809 INFO: *****Epoch 67 train***** 
2025-01-09 13:42:26,010 INFO: train Loss: 0.0597 - Accuracy: 0.9768 - Precision: 0.9769 - Recall: 0.9768 - F1 Score: 0.9768 
2025-01-09 13:42:33,676 INFO: val Loss: 1.0721 - val Accuracy: 0.7000 - val Precision: 0.7083 - val Recall: 0.7000 - val F1 Score: 0.7027 
2025-01-09 13:42:33,799 INFO: Best model saved with accuracy: 0.7000 
2025-01-09 13:42:33,920 INFO: -------------------------------------------------- 
2025-01-09 13:42:33,922 INFO: *****Epoch 68 train***** 
2025-01-09 13:44:42,541 INFO: train Loss: 0.0319 - Accuracy: 0.9899 - Precision: 0.9899 - Recall: 0.9899 - F1 Score: 0.9899 
2025-01-09 13:44:50,053 INFO: val Loss: 1.1268 - val Accuracy: 0.7182 - val Precision: 0.7134 - val Recall: 0.7182 - val F1 Score: 0.7143 
2025-01-09 13:44:50,182 INFO: Best model saved with accuracy: 0.7182 
2025-01-09 13:44:50,300 INFO: -------------------------------------------------- 
2025-01-09 13:44:50,301 INFO: *****Epoch 69 train***** 
2025-01-09 13:46:57,531 INFO: train Loss: 0.0429 - Accuracy: 0.9848 - Precision: 0.9849 - Recall: 0.9848 - F1 Score: 0.9848 
2025-01-09 13:47:05,081 INFO: val Loss: 1.6130 - val Accuracy: 0.6545 - val Precision: 0.7320 - val Recall: 0.6545 - val F1 Score: 0.6545 
2025-01-09 13:47:05,203 INFO: Best model saved with accuracy: 0.6545 
2025-01-09 13:47:05,318 INFO: -------------------------------------------------- 
2025-01-09 13:47:05,320 INFO: *****Epoch 70 train***** 
2025-01-09 13:49:14,823 INFO: train Loss: 0.0694 - Accuracy: 0.9747 - Precision: 0.9747 - Recall: 0.9747 - F1 Score: 0.9747 
2025-01-09 13:49:22,156 INFO: val Loss: 0.9887 - val Accuracy: 0.7636 - val Precision: 0.7607 - val Recall: 0.7636 - val F1 Score: 0.7578 
2025-01-09 13:49:22,280 INFO: Best model saved with accuracy: 0.7636 
2025-01-09 13:49:22,397 INFO: -------------------------------------------------- 
2025-01-09 13:49:22,399 INFO: *****Epoch 71 train***** 
2025-01-09 13:51:31,827 INFO: train Loss: 0.0576 - Accuracy: 0.9778 - Precision: 0.9778 - Recall: 0.9778 - F1 Score: 0.9778 
2025-01-09 13:51:39,326 INFO: val Loss: 1.5271 - val Accuracy: 0.6909 - val Precision: 0.7284 - val Recall: 0.6909 - val F1 Score: 0.6950 
2025-01-09 13:51:39,448 INFO: Best model saved with accuracy: 0.6909 
2025-01-09 13:51:39,562 INFO: -------------------------------------------------- 
2025-01-09 13:51:39,563 INFO: *****Epoch 72 train***** 
2025-01-09 13:53:47,570 INFO: train Loss: 0.0435 - Accuracy: 0.9838 - Precision: 0.9838 - Recall: 0.9838 - F1 Score: 0.9838 
2025-01-09 13:53:55,110 INFO: val Loss: 1.1979 - val Accuracy: 0.7364 - val Precision: 0.7322 - val Recall: 0.7364 - val F1 Score: 0.7327 
2025-01-09 13:53:55,226 INFO: Best model saved with accuracy: 0.7364 
2025-01-09 13:53:55,340 INFO: -------------------------------------------------- 
2025-01-09 13:53:55,342 INFO: *****Epoch 73 train***** 
2025-01-09 13:56:04,717 INFO: train Loss: 0.0511 - Accuracy: 0.9778 - Precision: 0.9778 - Recall: 0.9778 - F1 Score: 0.9778 
2025-01-09 13:56:12,024 INFO: val Loss: 1.1237 - val Accuracy: 0.7000 - val Precision: 0.7279 - val Recall: 0.7000 - val F1 Score: 0.7042 
2025-01-09 13:56:12,146 INFO: Best model saved with accuracy: 0.7000 
2025-01-09 13:56:12,261 INFO: -------------------------------------------------- 
2025-01-09 13:56:12,263 INFO: *****Epoch 74 train***** 
2025-01-09 13:58:19,407 INFO: train Loss: 0.0603 - Accuracy: 0.9758 - Precision: 0.9758 - Recall: 0.9758 - F1 Score: 0.9758 
2025-01-09 13:58:26,879 INFO: val Loss: 2.2103 - val Accuracy: 0.5909 - val Precision: 0.6955 - val Recall: 0.5909 - val F1 Score: 0.5831 
2025-01-09 13:58:27,008 INFO: Best model saved with accuracy: 0.5909 
2025-01-09 13:58:27,123 INFO: -------------------------------------------------- 
2025-01-09 13:58:27,125 INFO: *****Epoch 75 train***** 
2025-01-09 14:00:38,300 INFO: train Loss: 0.1250 - Accuracy: 0.9535 - Precision: 0.9536 - Recall: 0.9535 - F1 Score: 0.9535 
2025-01-09 14:00:45,539 INFO: val Loss: 1.1456 - val Accuracy: 0.6909 - val Precision: 0.6823 - val Recall: 0.6909 - val F1 Score: 0.6777 
2025-01-09 14:00:45,659 INFO: Best model saved with accuracy: 0.6909 
2025-01-09 14:00:45,775 INFO: -------------------------------------------------- 
2025-01-09 14:00:45,776 INFO: *****Epoch 76 train***** 
2025-01-09 14:02:55,800 INFO: train Loss: 0.1092 - Accuracy: 0.9576 - Precision: 0.9576 - Recall: 0.9576 - F1 Score: 0.9576 
2025-01-09 14:03:03,124 INFO: val Loss: 1.9916 - val Accuracy: 0.5909 - val Precision: 0.6843 - val Recall: 0.5909 - val F1 Score: 0.5857 
2025-01-09 14:03:03,242 INFO: Best model saved with accuracy: 0.5909 
2025-01-09 14:03:03,348 INFO: -------------------------------------------------- 
2025-01-09 14:03:03,350 INFO: *****Epoch 77 train***** 
2025-01-09 14:05:11,146 INFO: train Loss: 0.0703 - Accuracy: 0.9778 - Precision: 0.9778 - Recall: 0.9778 - F1 Score: 0.9778 
2025-01-09 14:05:18,303 INFO: val Loss: 1.0219 - val Accuracy: 0.6455 - val Precision: 0.6923 - val Recall: 0.6455 - val F1 Score: 0.6494 
2025-01-09 14:05:18,428 INFO: Best model saved with accuracy: 0.6455 
2025-01-09 14:05:18,545 INFO: -------------------------------------------------- 
2025-01-09 14:05:18,547 INFO: *****Epoch 78 train***** 
2025-01-09 14:07:27,118 INFO: train Loss: 0.0603 - Accuracy: 0.9808 - Precision: 0.9809 - Recall: 0.9808 - F1 Score: 0.9808 
2025-01-09 14:07:34,371 INFO: val Loss: 0.9123 - val Accuracy: 0.7182 - val Precision: 0.7262 - val Recall: 0.7182 - val F1 Score: 0.7207 
2025-01-09 14:07:34,492 INFO: Best model saved with accuracy: 0.7182 
2025-01-09 14:07:34,606 INFO: -------------------------------------------------- 
2025-01-09 14:07:34,608 INFO: *****Epoch 79 train***** 
2025-01-09 14:09:43,666 INFO: train Loss: 0.0712 - Accuracy: 0.9747 - Precision: 0.9747 - Recall: 0.9747 - F1 Score: 0.9747 
2025-01-09 14:09:51,025 INFO: val Loss: 1.2285 - val Accuracy: 0.7636 - val Precision: 0.7619 - val Recall: 0.7636 - val F1 Score: 0.7558 
2025-01-09 14:09:51,146 INFO: Best model saved with accuracy: 0.7636 
2025-01-09 14:09:51,264 INFO: -------------------------------------------------- 
2025-01-09 14:09:51,266 INFO: *****Epoch 80 train***** 
2025-01-09 14:11:59,799 INFO: train Loss: 0.0649 - Accuracy: 0.9737 - Precision: 0.9738 - Recall: 0.9737 - F1 Score: 0.9737 
2025-01-09 14:12:07,155 INFO: val Loss: 1.1747 - val Accuracy: 0.7364 - val Precision: 0.7406 - val Recall: 0.7364 - val F1 Score: 0.7379 
2025-01-09 14:12:07,280 INFO: Best model saved with accuracy: 0.7364 
2025-01-09 14:12:07,395 INFO: -------------------------------------------------- 
2025-01-09 14:12:07,397 INFO: *****Epoch 81 train***** 
2025-01-09 14:14:15,813 INFO: train Loss: 0.0454 - Accuracy: 0.9838 - Precision: 0.9838 - Recall: 0.9838 - F1 Score: 0.9838 
2025-01-09 14:14:23,043 INFO: val Loss: 1.4833 - val Accuracy: 0.6727 - val Precision: 0.6655 - val Recall: 0.6727 - val F1 Score: 0.6671 
2025-01-09 14:14:23,173 INFO: Best model saved with accuracy: 0.6727 
2025-01-09 14:14:23,300 INFO: -------------------------------------------------- 
2025-01-09 14:14:23,301 INFO: *****Epoch 82 train***** 
2025-01-09 14:16:31,141 INFO: train Loss: 0.0433 - Accuracy: 0.9818 - Precision: 0.9818 - Recall: 0.9818 - F1 Score: 0.9818 
2025-01-09 14:16:38,519 INFO: val Loss: 1.5825 - val Accuracy: 0.7364 - val Precision: 0.7344 - val Recall: 0.7364 - val F1 Score: 0.7237 
2025-01-09 14:16:38,643 INFO: Best model saved with accuracy: 0.7364 
2025-01-09 14:16:38,761 INFO: -------------------------------------------------- 
2025-01-09 14:16:38,763 INFO: *****Epoch 83 train***** 
2025-01-09 14:18:47,315 INFO: train Loss: 0.0738 - Accuracy: 0.9727 - Precision: 0.9727 - Recall: 0.9727 - F1 Score: 0.9727 
2025-01-09 14:18:54,864 INFO: val Loss: 1.3704 - val Accuracy: 0.7000 - val Precision: 0.7046 - val Recall: 0.7000 - val F1 Score: 0.7018 
2025-01-09 14:18:54,989 INFO: Best model saved with accuracy: 0.7000 
2025-01-09 14:18:55,106 INFO: -------------------------------------------------- 
2025-01-09 14:18:55,107 INFO: *****Epoch 84 train***** 
2025-01-09 14:21:03,472 INFO: train Loss: 0.0605 - Accuracy: 0.9788 - Precision: 0.9788 - Recall: 0.9788 - F1 Score: 0.9788 
2025-01-09 14:21:10,811 INFO: val Loss: 1.5075 - val Accuracy: 0.6818 - val Precision: 0.7159 - val Recall: 0.6818 - val F1 Score: 0.6862 
2025-01-09 14:21:10,935 INFO: Best model saved with accuracy: 0.6818 
2025-01-09 14:21:11,050 INFO: -------------------------------------------------- 
2025-01-09 14:21:11,052 INFO: *****Epoch 85 train***** 
2025-01-09 14:23:21,224 INFO: train Loss: 0.0449 - Accuracy: 0.9838 - Precision: 0.9839 - Recall: 0.9838 - F1 Score: 0.9838 
2025-01-09 14:23:28,747 INFO: val Loss: 1.4764 - val Accuracy: 0.6545 - val Precision: 0.7135 - val Recall: 0.6545 - val F1 Score: 0.6571 
2025-01-09 14:23:28,871 INFO: Best model saved with accuracy: 0.6545 
2025-01-09 14:23:28,969 INFO: -------------------------------------------------- 
2025-01-09 14:23:28,971 INFO: *****Epoch 86 train***** 
2025-01-09 14:25:36,784 INFO: train Loss: 0.0814 - Accuracy: 0.9697 - Precision: 0.9697 - Recall: 0.9697 - F1 Score: 0.9697 
2025-01-09 14:25:44,073 INFO: val Loss: 1.1609 - val Accuracy: 0.6818 - val Precision: 0.7159 - val Recall: 0.6818 - val F1 Score: 0.6862 
2025-01-09 14:25:44,195 INFO: Best model saved with accuracy: 0.6818 
2025-01-09 14:25:44,307 INFO: -------------------------------------------------- 
2025-01-09 14:25:44,309 INFO: *****Epoch 87 train***** 
2025-01-09 14:27:52,931 INFO: train Loss: 0.0800 - Accuracy: 0.9737 - Precision: 0.9737 - Recall: 0.9737 - F1 Score: 0.9737 
2025-01-09 14:28:00,496 INFO: val Loss: 1.2496 - val Accuracy: 0.6818 - val Precision: 0.6720 - val Recall: 0.6818 - val F1 Score: 0.6666 
2025-01-09 14:28:00,618 INFO: Best model saved with accuracy: 0.6818 
2025-01-09 14:28:00,723 INFO: -------------------------------------------------- 
2025-01-09 14:28:00,725 INFO: *****Epoch 88 train***** 
2025-01-09 14:30:09,117 INFO: train Loss: 0.0753 - Accuracy: 0.9727 - Precision: 0.9727 - Recall: 0.9727 - F1 Score: 0.9727 
2025-01-09 14:30:16,710 INFO: val Loss: 1.4551 - val Accuracy: 0.6636 - val Precision: 0.7190 - val Recall: 0.6636 - val F1 Score: 0.6666 
2025-01-09 14:30:16,834 INFO: Best model saved with accuracy: 0.6636 
2025-01-09 14:30:16,936 INFO: -------------------------------------------------- 
2025-01-09 14:30:16,937 INFO: *****Epoch 89 train***** 
2025-01-09 14:32:25,689 INFO: train Loss: 0.0563 - Accuracy: 0.9798 - Precision: 0.9798 - Recall: 0.9798 - F1 Score: 0.9798 
2025-01-09 14:32:32,867 INFO: val Loss: 0.8123 - val Accuracy: 0.7727 - val Precision: 0.7698 - val Recall: 0.7727 - val F1 Score: 0.7696 
2025-01-09 14:32:32,999 INFO: Best model saved with accuracy: 0.7727 
2025-01-09 14:32:33,124 INFO: -------------------------------------------------- 
2025-01-09 14:32:33,125 INFO: *****Epoch 90 train***** 
2025-01-09 14:34:42,429 INFO: train Loss: 0.0553 - Accuracy: 0.9747 - Precision: 0.9748 - Recall: 0.9747 - F1 Score: 0.9747 
2025-01-09 14:34:49,956 INFO: val Loss: 1.2964 - val Accuracy: 0.6364 - val Precision: 0.7025 - val Recall: 0.6364 - val F1 Score: 0.6378 
2025-01-09 14:34:50,078 INFO: Best model saved with accuracy: 0.6364 
2025-01-09 14:34:50,195 INFO: -------------------------------------------------- 
2025-01-09 14:34:50,197 INFO: *****Epoch 91 train***** 
2025-01-09 14:36:57,371 INFO: train Loss: 0.0676 - Accuracy: 0.9758 - Precision: 0.9758 - Recall: 0.9758 - F1 Score: 0.9758 
2025-01-09 14:37:04,723 INFO: val Loss: 1.3781 - val Accuracy: 0.7091 - val Precision: 0.7402 - val Recall: 0.7091 - val F1 Score: 0.7132 
2025-01-09 14:37:04,846 INFO: Best model saved with accuracy: 0.7091 
2025-01-09 14:37:04,963 INFO: -------------------------------------------------- 
2025-01-09 14:37:04,966 INFO: *****Epoch 92 train***** 
2025-01-09 14:39:13,294 INFO: train Loss: 0.0450 - Accuracy: 0.9859 - Precision: 0.9859 - Recall: 0.9859 - F1 Score: 0.9859 
2025-01-09 14:39:20,998 INFO: val Loss: 1.6164 - val Accuracy: 0.6273 - val Precision: 0.6969 - val Recall: 0.6273 - val F1 Score: 0.6280 
2025-01-09 14:39:21,128 INFO: Best model saved with accuracy: 0.6273 
2025-01-09 14:39:21,246 INFO: -------------------------------------------------- 
2025-01-09 14:39:21,248 INFO: *****Epoch 93 train***** 
2025-01-09 14:41:28,880 INFO: train Loss: 0.0572 - Accuracy: 0.9828 - Precision: 0.9828 - Recall: 0.9828 - F1 Score: 0.9828 
2025-01-09 14:41:36,416 INFO: val Loss: 1.4413 - val Accuracy: 0.6909 - val Precision: 0.7436 - val Recall: 0.6909 - val F1 Score: 0.6940 
2025-01-09 14:41:36,540 INFO: Best model saved with accuracy: 0.6909 
2025-01-09 14:41:36,657 INFO: -------------------------------------------------- 
2025-01-09 14:41:36,659 INFO: *****Epoch 94 train***** 
2025-01-09 14:43:45,202 INFO: train Loss: 0.0778 - Accuracy: 0.9737 - Precision: 0.9738 - Recall: 0.9737 - F1 Score: 0.9737 
2025-01-09 14:43:52,544 INFO: val Loss: 1.1917 - val Accuracy: 0.7000 - val Precision: 0.7489 - val Recall: 0.7000 - val F1 Score: 0.7033 
2025-01-09 14:43:52,665 INFO: Best model saved with accuracy: 0.7000 
2025-01-09 14:43:52,782 INFO: -------------------------------------------------- 
2025-01-09 14:43:52,783 INFO: *****Epoch 95 train***** 
2025-01-09 14:46:00,172 INFO: train Loss: 0.0555 - Accuracy: 0.9798 - Precision: 0.9798 - Recall: 0.9798 - F1 Score: 0.9798 
2025-01-09 14:46:07,505 INFO: val Loss: 1.0108 - val Accuracy: 0.7182 - val Precision: 0.7350 - val Recall: 0.7182 - val F1 Score: 0.7218 
2025-01-09 14:46:07,630 INFO: Best model saved with accuracy: 0.7182 
2025-01-09 14:46:07,746 INFO: -------------------------------------------------- 
2025-01-09 14:46:07,748 INFO: *****Epoch 96 train***** 
2025-01-09 14:48:16,981 INFO: train Loss: 0.0544 - Accuracy: 0.9778 - Precision: 0.9778 - Recall: 0.9778 - F1 Score: 0.9778 
2025-01-09 14:48:24,471 INFO: val Loss: 2.3963 - val Accuracy: 0.5727 - val Precision: 0.6727 - val Recall: 0.5727 - val F1 Score: 0.5645 
2025-01-09 14:48:24,601 INFO: Best model saved with accuracy: 0.5727 
2025-01-09 14:48:24,724 INFO: -------------------------------------------------- 
2025-01-09 14:48:24,726 INFO: *****Epoch 97 train***** 
2025-01-09 14:50:32,904 INFO: train Loss: 0.0780 - Accuracy: 0.9707 - Precision: 0.9707 - Recall: 0.9707 - F1 Score: 0.9707 
2025-01-09 14:50:40,271 INFO: val Loss: 1.6290 - val Accuracy: 0.6909 - val Precision: 0.7727 - val Recall: 0.6909 - val F1 Score: 0.6909 
2025-01-09 14:50:40,402 INFO: Best model saved with accuracy: 0.6909 
2025-01-09 14:50:40,516 INFO: -------------------------------------------------- 
2025-01-09 14:50:40,518 INFO: *****Epoch 98 train***** 
2025-01-09 14:52:48,668 INFO: train Loss: 0.0574 - Accuracy: 0.9778 - Precision: 0.9778 - Recall: 0.9778 - F1 Score: 0.9778 
2025-01-09 14:52:55,986 INFO: val Loss: 0.9285 - val Accuracy: 0.7636 - val Precision: 0.7720 - val Recall: 0.7636 - val F1 Score: 0.7483 
2025-01-09 14:52:56,104 INFO: Best model saved with accuracy: 0.7636 
2025-01-09 14:52:56,222 INFO: -------------------------------------------------- 
2025-01-09 14:52:56,223 INFO: *****Epoch 99 train***** 
2025-01-09 14:55:05,439 INFO: train Loss: 0.0497 - Accuracy: 0.9828 - Precision: 0.9828 - Recall: 0.9828 - F1 Score: 0.9828 
2025-01-09 14:55:12,978 INFO: val Loss: 1.0819 - val Accuracy: 0.7455 - val Precision: 0.7595 - val Recall: 0.7455 - val F1 Score: 0.7486 
2025-01-09 14:55:13,104 INFO: Best model saved with accuracy: 0.7455 
2025-01-09 14:55:13,223 INFO: -------------------------------------------------- 
2025-01-09 14:55:13,224 INFO: *****Epoch 100 train***** 
2025-01-09 14:57:23,382 INFO: train Loss: 0.0390 - Accuracy: 0.9859 - Precision: 0.9859 - Recall: 0.9859 - F1 Score: 0.9859 
2025-01-09 14:57:30,735 INFO: val Loss: 1.0822 - val Accuracy: 0.6636 - val Precision: 0.6724 - val Recall: 0.6636 - val F1 Score: 0.6667 
2025-01-09 14:57:30,859 INFO: Best model saved with accuracy: 0.6636 
2025-01-09 14:57:30,975 INFO: -------------------------------------------------- 
2025-01-09 14:57:30,977 INFO: *****Epoch 101 train***** 
2025-01-09 14:59:41,388 INFO: train Loss: 0.0463 - Accuracy: 0.9859 - Precision: 0.9859 - Recall: 0.9859 - F1 Score: 0.9859 
2025-01-09 14:59:48,841 INFO: val Loss: 1.7316 - val Accuracy: 0.6364 - val Precision: 0.7331 - val Recall: 0.6364 - val F1 Score: 0.6328 
2025-01-09 14:59:48,962 INFO: Best model saved with accuracy: 0.6364 
2025-01-09 14:59:49,075 INFO: -------------------------------------------------- 
2025-01-09 14:59:49,077 INFO: *****Epoch 102 train***** 
2025-01-09 15:01:57,906 INFO: train Loss: 0.0603 - Accuracy: 0.9737 - Precision: 0.9737 - Recall: 0.9737 - F1 Score: 0.9737 
2025-01-09 15:02:05,278 INFO: val Loss: 1.6211 - val Accuracy: 0.7273 - val Precision: 0.7451 - val Recall: 0.7273 - val F1 Score: 0.6979 
2025-01-09 15:02:05,408 INFO: Best model saved with accuracy: 0.7273 
2025-01-09 15:02:05,525 INFO: -------------------------------------------------- 
2025-01-09 15:02:05,526 INFO: *****Epoch 103 train***** 
2025-01-09 15:04:15,085 INFO: train Loss: 0.0581 - Accuracy: 0.9798 - Precision: 0.9798 - Recall: 0.9798 - F1 Score: 0.9798 
2025-01-09 15:04:22,665 INFO: val Loss: 1.5142 - val Accuracy: 0.6455 - val Precision: 0.6792 - val Recall: 0.6455 - val F1 Score: 0.6503 
2025-01-09 15:04:22,787 INFO: Best model saved with accuracy: 0.6455 
2025-01-09 15:04:22,904 INFO: -------------------------------------------------- 
2025-01-09 15:04:22,905 INFO: *****Epoch 104 train***** 
2025-01-09 15:06:30,909 INFO: train Loss: 0.0387 - Accuracy: 0.9859 - Precision: 0.9859 - Recall: 0.9859 - F1 Score: 0.9859 
2025-01-09 15:06:38,345 INFO: val Loss: 1.2487 - val Accuracy: 0.6636 - val Precision: 0.6916 - val Recall: 0.6636 - val F1 Score: 0.6684 
2025-01-09 15:06:38,470 INFO: Best model saved with accuracy: 0.6636 
2025-01-09 15:06:38,598 INFO: -------------------------------------------------- 
2025-01-09 15:06:38,599 INFO: *****Epoch 105 train***** 
2025-01-09 15:08:47,208 INFO: train Loss: 0.0345 - Accuracy: 0.9899 - Precision: 0.9899 - Recall: 0.9899 - F1 Score: 0.9899 
2025-01-09 15:08:54,345 INFO: val Loss: 1.0364 - val Accuracy: 0.7182 - val Precision: 0.7226 - val Recall: 0.7182 - val F1 Score: 0.7199 
2025-01-09 15:08:54,474 INFO: Best model saved with accuracy: 0.7182 
2025-01-09 15:08:54,599 INFO: -------------------------------------------------- 
2025-01-09 15:08:54,601 INFO: *****Epoch 106 train***** 
2025-01-09 15:11:03,932 INFO: train Loss: 0.0452 - Accuracy: 0.9818 - Precision: 0.9819 - Recall: 0.9818 - F1 Score: 0.9818 
2025-01-09 15:11:11,479 INFO: val Loss: 1.2099 - val Accuracy: 0.6727 - val Precision: 0.6626 - val Recall: 0.6727 - val F1 Score: 0.6618 
2025-01-09 15:11:11,601 INFO: Best model saved with accuracy: 0.6727 
2025-01-09 15:11:11,718 INFO: -------------------------------------------------- 
2025-01-09 15:11:11,720 INFO: *****Epoch 107 train***** 
2025-01-09 15:13:20,475 INFO: train Loss: 0.0565 - Accuracy: 0.9788 - Precision: 0.9788 - Recall: 0.9788 - F1 Score: 0.9788 
2025-01-09 15:13:27,764 INFO: val Loss: 1.4224 - val Accuracy: 0.7091 - val Precision: 0.7286 - val Recall: 0.7091 - val F1 Score: 0.7130 
2025-01-09 15:13:27,883 INFO: Best model saved with accuracy: 0.7091 
2025-01-09 15:13:27,998 INFO: -------------------------------------------------- 
2025-01-09 15:13:28,000 INFO: *****Epoch 108 train***** 
2025-01-09 15:15:37,244 INFO: train Loss: 0.0572 - Accuracy: 0.9808 - Precision: 0.9808 - Recall: 0.9808 - F1 Score: 0.9808 
2025-01-09 15:15:44,802 INFO: val Loss: 1.5781 - val Accuracy: 0.6818 - val Precision: 0.6965 - val Recall: 0.6818 - val F1 Score: 0.6328 
2025-01-09 15:15:44,910 INFO: Best model saved with accuracy: 0.6818 
2025-01-09 15:15:45,027 INFO: -------------------------------------------------- 
2025-01-09 15:15:45,028 INFO: *****Epoch 109 train***** 
2025-01-09 15:17:53,403 INFO: train Loss: 0.0469 - Accuracy: 0.9869 - Precision: 0.9869 - Recall: 0.9869 - F1 Score: 0.9869 
2025-01-09 15:18:00,735 INFO: val Loss: 1.1011 - val Accuracy: 0.6909 - val Precision: 0.6974 - val Recall: 0.6909 - val F1 Score: 0.6933 
2025-01-09 15:18:00,858 INFO: Best model saved with accuracy: 0.6909 
2025-01-09 15:18:00,973 INFO: -------------------------------------------------- 
2025-01-09 15:18:00,975 INFO: *****Epoch 110 train***** 
2025-01-09 15:20:08,553 INFO: train Loss: 0.0461 - Accuracy: 0.9778 - Precision: 0.9778 - Recall: 0.9778 - F1 Score: 0.9778 
2025-01-09 15:20:15,919 INFO: val Loss: 1.0371 - val Accuracy: 0.7273 - val Precision: 0.7251 - val Recall: 0.7273 - val F1 Score: 0.7259 
2025-01-09 15:20:16,044 INFO: Best model saved with accuracy: 0.7273 
2025-01-09 15:20:16,160 INFO: -------------------------------------------------- 
2025-01-09 15:20:16,161 INFO: *****Epoch 111 train***** 
2025-01-09 15:22:24,622 INFO: train Loss: 0.0719 - Accuracy: 0.9697 - Precision: 0.9697 - Recall: 0.9697 - F1 Score: 0.9697 
2025-01-09 15:22:32,321 INFO: val Loss: 1.3220 - val Accuracy: 0.7000 - val Precision: 0.7222 - val Recall: 0.7000 - val F1 Score: 0.7042 
2025-01-09 15:22:32,446 INFO: Best model saved with accuracy: 0.7000 
2025-01-09 15:22:32,564 INFO: -------------------------------------------------- 
2025-01-09 15:22:32,565 INFO: *****Epoch 112 train***** 
2025-01-09 15:24:40,509 INFO: train Loss: 0.0490 - Accuracy: 0.9798 - Precision: 0.9799 - Recall: 0.9798 - F1 Score: 0.9798 
2025-01-09 15:24:47,800 INFO: val Loss: 1.0352 - val Accuracy: 0.7636 - val Precision: 0.7775 - val Recall: 0.7636 - val F1 Score: 0.7665 
2025-01-09 15:24:47,926 INFO: Best model saved with accuracy: 0.7636 
2025-01-09 15:24:48,044 INFO: -------------------------------------------------- 
2025-01-09 15:24:48,046 INFO: *****Epoch 113 train***** 
2025-01-09 15:26:57,856 INFO: train Loss: 0.0469 - Accuracy: 0.9828 - Precision: 0.9828 - Recall: 0.9828 - F1 Score: 0.9828 
2025-01-09 15:27:05,404 INFO: val Loss: 1.3984 - val Accuracy: 0.7000 - val Precision: 0.6928 - val Recall: 0.7000 - val F1 Score: 0.6856 
2025-01-09 15:27:05,527 INFO: Best model saved with accuracy: 0.7000 
2025-01-09 15:27:05,644 INFO: -------------------------------------------------- 
2025-01-09 15:27:05,647 INFO: *****Epoch 114 train***** 
2025-01-09 15:29:14,580 INFO: train Loss: 0.0677 - Accuracy: 0.9788 - Precision: 0.9788 - Recall: 0.9788 - F1 Score: 0.9788 
2025-01-09 15:29:22,114 INFO: val Loss: 0.8282 - val Accuracy: 0.7455 - val Precision: 0.7436 - val Recall: 0.7455 - val F1 Score: 0.7346 
2025-01-09 15:29:22,241 INFO: Best model saved with accuracy: 0.7455 
2025-01-09 15:29:22,357 INFO: -------------------------------------------------- 
2025-01-09 15:29:22,359 INFO: *****Epoch 115 train***** 
2025-01-09 15:31:31,736 INFO: train Loss: 0.0607 - Accuracy: 0.9778 - Precision: 0.9778 - Recall: 0.9778 - F1 Score: 0.9778 
2025-01-09 15:31:39,066 INFO: val Loss: 0.9418 - val Accuracy: 0.7455 - val Precision: 0.7551 - val Recall: 0.7455 - val F1 Score: 0.7481 
2025-01-09 15:31:39,187 INFO: Best model saved with accuracy: 0.7455 
2025-01-09 15:31:39,305 INFO: -------------------------------------------------- 
2025-01-09 15:31:39,307 INFO: *****Epoch 116 train***** 
2025-01-09 15:33:47,702 INFO: train Loss: 0.0482 - Accuracy: 0.9838 - Precision: 0.9838 - Recall: 0.9838 - F1 Score: 0.9838 
2025-01-09 15:33:55,418 INFO: val Loss: 0.8434 - val Accuracy: 0.7727 - val Precision: 0.7944 - val Recall: 0.7727 - val F1 Score: 0.7759 
2025-01-09 15:33:55,535 INFO: Best model saved with accuracy: 0.7727 
2025-01-09 15:33:55,653 INFO: -------------------------------------------------- 
2025-01-09 15:33:55,655 INFO: *****Epoch 117 train***** 
2025-01-09 15:36:04,277 INFO: train Loss: 0.0457 - Accuracy: 0.9818 - Precision: 0.9819 - Recall: 0.9818 - F1 Score: 0.9818 
2025-01-09 15:36:11,778 INFO: val Loss: 1.1997 - val Accuracy: 0.7364 - val Precision: 0.7784 - val Recall: 0.7364 - val F1 Score: 0.7397 
2025-01-09 15:36:11,901 INFO: Best model saved with accuracy: 0.7364 
2025-01-09 15:36:12,019 INFO: -------------------------------------------------- 
2025-01-09 15:36:12,021 INFO: *****Epoch 118 train***** 
2025-01-09 15:38:19,817 INFO: train Loss: 0.0544 - Accuracy: 0.9778 - Precision: 0.9778 - Recall: 0.9778 - F1 Score: 0.9778 
2025-01-09 15:38:27,162 INFO: val Loss: 1.1409 - val Accuracy: 0.6727 - val Precision: 0.7329 - val Recall: 0.6727 - val F1 Score: 0.6751 
2025-01-09 15:38:27,280 INFO: Best model saved with accuracy: 0.6727 
2025-01-09 15:38:27,397 INFO: -------------------------------------------------- 
2025-01-09 15:38:27,398 INFO: *****Epoch 119 train***** 
2025-01-09 15:40:36,771 INFO: train Loss: 0.0664 - Accuracy: 0.9747 - Precision: 0.9747 - Recall: 0.9747 - F1 Score: 0.9747 
2025-01-09 15:40:44,153 INFO: val Loss: 1.1423 - val Accuracy: 0.7182 - val Precision: 0.7136 - val Recall: 0.7182 - val F1 Score: 0.7047 
2025-01-09 15:40:44,282 INFO: Best model saved with accuracy: 0.7182 
2025-01-09 15:40:44,398 INFO: -------------------------------------------------- 
2025-01-09 15:40:44,400 INFO: *****Epoch 120 train***** 
2025-01-09 15:42:53,461 INFO: train Loss: 0.0486 - Accuracy: 0.9828 - Precision: 0.9828 - Recall: 0.9828 - F1 Score: 0.9828 
2025-01-09 15:43:00,924 INFO: val Loss: 1.4341 - val Accuracy: 0.6273 - val Precision: 0.7410 - val Recall: 0.6273 - val F1 Score: 0.6201 
2025-01-09 15:43:01,047 INFO: Best model saved with accuracy: 0.6273 
2025-01-09 15:43:01,156 INFO: -------------------------------------------------- 
2025-01-09 15:43:01,157 INFO: *****Epoch 121 train***** 
2025-01-09 15:45:09,280 INFO: train Loss: 0.0577 - Accuracy: 0.9758 - Precision: 0.9758 - Recall: 0.9758 - F1 Score: 0.9758 
2025-01-09 15:45:16,605 INFO: val Loss: 1.4195 - val Accuracy: 0.7455 - val Precision: 0.7500 - val Recall: 0.7455 - val F1 Score: 0.7289 
2025-01-09 15:45:16,720 INFO: Best model saved with accuracy: 0.7455 
2025-01-09 15:45:16,835 INFO: -------------------------------------------------- 
2025-01-09 15:45:16,836 INFO: *****Epoch 122 train***** 
2025-01-09 15:47:25,442 INFO: train Loss: 0.0750 - Accuracy: 0.9727 - Precision: 0.9727 - Recall: 0.9727 - F1 Score: 0.9727 
2025-01-09 15:47:33,007 INFO: val Loss: 1.1410 - val Accuracy: 0.6364 - val Precision: 0.6475 - val Recall: 0.6364 - val F1 Score: 0.6401 
2025-01-09 15:47:33,127 INFO: Best model saved with accuracy: 0.6364 
2025-01-09 15:47:33,238 INFO: -------------------------------------------------- 
2025-01-09 15:47:33,239 INFO: *****Epoch 123 train***** 
2025-01-09 15:49:40,640 INFO: train Loss: 0.0389 - Accuracy: 0.9828 - Precision: 0.9828 - Recall: 0.9828 - F1 Score: 0.9828 
2025-01-09 15:49:48,299 INFO: val Loss: 1.0018 - val Accuracy: 0.6818 - val Precision: 0.6730 - val Recall: 0.6818 - val F1 Score: 0.6726 
2025-01-09 15:49:48,421 INFO: Best model saved with accuracy: 0.6818 
2025-01-09 15:49:48,538 INFO: -------------------------------------------------- 
2025-01-09 15:49:48,539 INFO: *****Epoch 124 train***** 
2025-01-09 15:51:58,152 INFO: train Loss: 0.0478 - Accuracy: 0.9818 - Precision: 0.9819 - Recall: 0.9818 - F1 Score: 0.9818 
2025-01-09 15:52:05,431 INFO: val Loss: 1.1995 - val Accuracy: 0.7364 - val Precision: 0.7316 - val Recall: 0.7364 - val F1 Score: 0.7308 
2025-01-09 15:52:05,551 INFO: Best model saved with accuracy: 0.7364 
2025-01-09 15:52:05,669 INFO: -------------------------------------------------- 
2025-01-09 15:52:05,671 INFO: *****Epoch 125 train***** 
2025-01-09 15:54:14,700 INFO: train Loss: 0.0372 - Accuracy: 0.9818 - Precision: 0.9819 - Recall: 0.9818 - F1 Score: 0.9818 
2025-01-09 15:54:21,822 INFO: val Loss: 1.2825 - val Accuracy: 0.7636 - val Precision: 0.7636 - val Recall: 0.7636 - val F1 Score: 0.7636 
2025-01-09 15:54:21,947 INFO: Best model saved with accuracy: 0.7636 
2025-01-09 15:54:22,068 INFO: -------------------------------------------------- 
2025-01-09 15:54:22,069 INFO: *****Epoch 126 train***** 
2025-01-09 15:56:30,811 INFO: train Loss: 0.0400 - Accuracy: 0.9899 - Precision: 0.9899 - Recall: 0.9899 - F1 Score: 0.9899 
2025-01-09 15:56:38,008 INFO: val Loss: 1.0937 - val Accuracy: 0.7000 - val Precision: 0.7412 - val Recall: 0.7000 - val F1 Score: 0.7038 
2025-01-09 15:56:38,127 INFO: Best model saved with accuracy: 0.7000 
2025-01-09 15:56:38,245 INFO: -------------------------------------------------- 
2025-01-09 15:56:38,247 INFO: *****Epoch 127 train***** 
2025-01-09 15:58:46,207 INFO: train Loss: 0.0390 - Accuracy: 0.9859 - Precision: 0.9859 - Recall: 0.9859 - F1 Score: 0.9859 
2025-01-09 15:58:53,784 INFO: val Loss: 1.1905 - val Accuracy: 0.7273 - val Precision: 0.7416 - val Recall: 0.7273 - val F1 Score: 0.7306 
2025-01-09 15:58:53,907 INFO: Best model saved with accuracy: 0.7273 
2025-01-09 15:58:54,022 INFO: -------------------------------------------------- 
2025-01-09 15:58:54,023 INFO: *****Epoch 128 train***** 
2025-01-09 16:01:02,787 INFO: train Loss: 0.0251 - Accuracy: 0.9899 - Precision: 0.9899 - Recall: 0.9899 - F1 Score: 0.9899 
2025-01-09 16:01:10,064 INFO: val Loss: 1.2003 - val Accuracy: 0.7091 - val Precision: 0.7341 - val Recall: 0.7091 - val F1 Score: 0.7132 
2025-01-09 16:01:10,187 INFO: Best model saved with accuracy: 0.7091 
2025-01-09 16:01:10,302 INFO: -------------------------------------------------- 
2025-01-09 16:01:10,304 INFO: *****Epoch 129 train***** 
2025-01-09 16:03:20,749 INFO: train Loss: 0.0382 - Accuracy: 0.9889 - Precision: 0.9889 - Recall: 0.9889 - F1 Score: 0.9889 
2025-01-09 16:03:28,268 INFO: val Loss: 1.3572 - val Accuracy: 0.7273 - val Precision: 0.7731 - val Recall: 0.7273 - val F1 Score: 0.7305 
2025-01-09 16:03:28,388 INFO: Best model saved with accuracy: 0.7273 
2025-01-09 16:03:28,505 INFO: -------------------------------------------------- 
2025-01-09 16:03:28,507 INFO: *****Epoch 130 train***** 
2025-01-09 16:05:38,915 INFO: train Loss: 0.0404 - Accuracy: 0.9879 - Precision: 0.9879 - Recall: 0.9879 - F1 Score: 0.9879 
2025-01-09 16:05:46,406 INFO: val Loss: 1.0878 - val Accuracy: 0.7545 - val Precision: 0.7825 - val Recall: 0.7545 - val F1 Score: 0.7580 
2025-01-09 16:05:46,531 INFO: Best model saved with accuracy: 0.7545 
2025-01-09 16:05:46,647 INFO: -------------------------------------------------- 
2025-01-09 16:05:46,649 INFO: *****Epoch 131 train***** 
2025-01-09 16:07:56,080 INFO: train Loss: 0.0302 - Accuracy: 0.9909 - Precision: 0.9909 - Recall: 0.9909 - F1 Score: 0.9909 
2025-01-09 16:08:03,606 INFO: val Loss: 1.2899 - val Accuracy: 0.7273 - val Precision: 0.7251 - val Recall: 0.7273 - val F1 Score: 0.7259 
2025-01-09 16:08:03,730 INFO: Best model saved with accuracy: 0.7273 
2025-01-09 16:08:03,846 INFO: -------------------------------------------------- 
2025-01-09 16:08:03,847 INFO: *****Epoch 132 train***** 
2025-01-09 16:10:12,192 INFO: train Loss: 0.0468 - Accuracy: 0.9838 - Precision: 0.9838 - Recall: 0.9838 - F1 Score: 0.9838 
2025-01-09 16:10:19,922 INFO: val Loss: 1.6594 - val Accuracy: 0.6364 - val Precision: 0.6941 - val Recall: 0.6364 - val F1 Score: 0.6390 
2025-01-09 16:10:20,047 INFO: Best model saved with accuracy: 0.6364 
2025-01-09 16:10:20,163 INFO: -------------------------------------------------- 
2025-01-09 16:10:20,165 INFO: *****Epoch 133 train***** 
2025-01-09 16:12:29,016 INFO: train Loss: 0.0362 - Accuracy: 0.9869 - Precision: 0.9869 - Recall: 0.9869 - F1 Score: 0.9869 
2025-01-09 16:12:36,337 INFO: val Loss: 1.1517 - val Accuracy: 0.7364 - val Precision: 0.7352 - val Recall: 0.7364 - val F1 Score: 0.7357 
2025-01-09 16:12:36,443 INFO: Best model saved with accuracy: 0.7364 
2025-01-09 16:12:36,560 INFO: -------------------------------------------------- 
2025-01-09 16:12:36,562 INFO: *****Epoch 134 train***** 
2025-01-09 16:14:46,142 INFO: train Loss: 0.0449 - Accuracy: 0.9848 - Precision: 0.9849 - Recall: 0.9848 - F1 Score: 0.9848 
2025-01-09 16:14:53,607 INFO: val Loss: 1.1702 - val Accuracy: 0.7455 - val Precision: 0.7513 - val Recall: 0.7455 - val F1 Score: 0.7474 
2025-01-09 16:14:53,734 INFO: Best model saved with accuracy: 0.7455 
2025-01-09 16:14:53,850 INFO: -------------------------------------------------- 
2025-01-09 16:14:53,852 INFO: *****Epoch 135 train***** 
2025-01-09 16:17:02,895 INFO: train Loss: 0.0291 - Accuracy: 0.9859 - Precision: 0.9859 - Recall: 0.9859 - F1 Score: 0.9859 
2025-01-09 16:17:10,214 INFO: val Loss: 1.1125 - val Accuracy: 0.7364 - val Precision: 0.7322 - val Recall: 0.7364 - val F1 Score: 0.7327 
2025-01-09 16:17:10,340 INFO: Best model saved with accuracy: 0.7364 
2025-01-09 16:17:10,460 INFO: -------------------------------------------------- 
2025-01-09 16:17:10,461 INFO: *****Epoch 136 train***** 
2025-01-09 16:19:20,287 INFO: train Loss: 0.0371 - Accuracy: 0.9848 - Precision: 0.9849 - Recall: 0.9848 - F1 Score: 0.9848 
2025-01-09 16:19:27,604 INFO: val Loss: 1.2854 - val Accuracy: 0.7364 - val Precision: 0.7406 - val Recall: 0.7364 - val F1 Score: 0.7379 
2025-01-09 16:19:27,715 INFO: Best model saved with accuracy: 0.7364 
2025-01-09 16:19:27,831 INFO: -------------------------------------------------- 
2025-01-09 16:19:27,832 INFO: *****Epoch 137 train***** 
2025-01-09 16:21:37,003 INFO: train Loss: 0.0746 - Accuracy: 0.9737 - Precision: 0.9737 - Recall: 0.9737 - F1 Score: 0.9737 
2025-01-09 16:21:44,343 INFO: val Loss: 0.9179 - val Accuracy: 0.6909 - val Precision: 0.7013 - val Recall: 0.6909 - val F1 Score: 0.6941 
2025-01-09 16:21:44,465 INFO: Best model saved with accuracy: 0.6909 
2025-01-09 16:21:44,581 INFO: -------------------------------------------------- 
2025-01-09 16:21:44,583 INFO: *****Epoch 138 train***** 
2025-01-09 16:23:52,595 INFO: train Loss: 0.0597 - Accuracy: 0.9737 - Precision: 0.9737 - Recall: 0.9737 - F1 Score: 0.9737 
2025-01-09 16:23:59,893 INFO: val Loss: 1.2597 - val Accuracy: 0.6455 - val Precision: 0.6923 - val Recall: 0.6455 - val F1 Score: 0.6494 
2025-01-09 16:24:00,015 INFO: Best model saved with accuracy: 0.6455 
2025-01-09 16:24:00,135 INFO: -------------------------------------------------- 
2025-01-09 16:24:00,136 INFO: *****Epoch 139 train***** 
2025-01-09 16:26:07,091 INFO: train Loss: 0.0737 - Accuracy: 0.9707 - Precision: 0.9707 - Recall: 0.9707 - F1 Score: 0.9707 
2025-01-09 16:26:14,416 INFO: val Loss: 1.2210 - val Accuracy: 0.6364 - val Precision: 0.6566 - val Recall: 0.6364 - val F1 Score: 0.6413 
2025-01-09 16:26:14,543 INFO: Best model saved with accuracy: 0.6364 
2025-01-09 16:26:14,661 INFO: -------------------------------------------------- 
2025-01-09 16:26:14,662 INFO: *****Epoch 140 train***** 
2025-01-09 16:28:24,486 INFO: train Loss: 0.0565 - Accuracy: 0.9768 - Precision: 0.9769 - Recall: 0.9768 - F1 Score: 0.9768 
2025-01-09 16:28:31,962 INFO: val Loss: 2.6380 - val Accuracy: 0.5909 - val Precision: 0.7381 - val Recall: 0.5909 - val F1 Score: 0.5735 
2025-01-09 16:28:32,089 INFO: Best model saved with accuracy: 0.5909 
2025-01-09 16:28:32,205 INFO: -------------------------------------------------- 
2025-01-09 16:28:32,206 INFO: *****Epoch 141 train***** 
2025-01-09 16:30:40,057 INFO: train Loss: 0.0474 - Accuracy: 0.9768 - Precision: 0.9769 - Recall: 0.9768 - F1 Score: 0.9768 
2025-01-09 16:30:47,577 INFO: val Loss: 1.2626 - val Accuracy: 0.7182 - val Precision: 0.7285 - val Recall: 0.7182 - val F1 Score: 0.6901 
2025-01-09 16:30:47,701 INFO: Best model saved with accuracy: 0.7182 
2025-01-09 16:30:47,816 INFO: -------------------------------------------------- 
2025-01-09 16:30:47,817 INFO: *****Epoch 142 train***** 
2025-01-09 16:32:56,618 INFO: train Loss: 0.0726 - Accuracy: 0.9758 - Precision: 0.9758 - Recall: 0.9758 - F1 Score: 0.9758 
2025-01-09 16:33:03,953 INFO: val Loss: 2.8786 - val Accuracy: 0.5818 - val Precision: 0.7171 - val Recall: 0.5818 - val F1 Score: 0.5659 
2025-01-09 16:33:04,063 INFO: Best model saved with accuracy: 0.5818 
2025-01-09 16:33:04,179 INFO: -------------------------------------------------- 
2025-01-09 16:33:04,181 INFO: *****Epoch 143 train***** 
2025-01-09 16:35:13,157 INFO: train Loss: 0.0795 - Accuracy: 0.9657 - Precision: 0.9659 - Recall: 0.9657 - F1 Score: 0.9657 
2025-01-09 16:35:20,918 INFO: val Loss: 1.2800 - val Accuracy: 0.6455 - val Precision: 0.6998 - val Recall: 0.6455 - val F1 Score: 0.6485 
2025-01-09 16:35:21,020 INFO: Best model saved with accuracy: 0.6455 
2025-01-09 16:35:21,135 INFO: -------------------------------------------------- 
2025-01-09 16:35:21,136 INFO: *****Epoch 144 train***** 
2025-01-09 16:37:30,092 INFO: train Loss: 0.0605 - Accuracy: 0.9798 - Precision: 0.9798 - Recall: 0.9798 - F1 Score: 0.9798 
2025-01-09 16:37:37,471 INFO: val Loss: 1.0168 - val Accuracy: 0.7545 - val Precision: 0.7552 - val Recall: 0.7545 - val F1 Score: 0.7428 
2025-01-09 16:37:37,593 INFO: Best model saved with accuracy: 0.7545 
2025-01-09 16:37:37,717 INFO: -------------------------------------------------- 
2025-01-09 16:37:37,719 INFO: *****Epoch 145 train***** 
2025-01-09 16:39:47,262 INFO: train Loss: 0.0482 - Accuracy: 0.9818 - Precision: 0.9818 - Recall: 0.9818 - F1 Score: 0.9818 
2025-01-09 16:39:54,708 INFO: val Loss: 0.9651 - val Accuracy: 0.7000 - val Precision: 0.6933 - val Recall: 0.7000 - val F1 Score: 0.6937 
2025-01-09 16:39:54,830 INFO: Best model saved with accuracy: 0.7000 
2025-01-09 16:39:54,946 INFO: -------------------------------------------------- 
2025-01-09 16:39:54,948 INFO: *****Epoch 146 train***** 
2025-01-09 16:42:03,395 INFO: train Loss: 0.0349 - Accuracy: 0.9899 - Precision: 0.9899 - Recall: 0.9899 - F1 Score: 0.9899 
2025-01-09 16:42:10,664 INFO: val Loss: 0.9573 - val Accuracy: 0.7545 - val Precision: 0.7557 - val Recall: 0.7545 - val F1 Score: 0.7551 
2025-01-09 16:42:10,787 INFO: Best model saved with accuracy: 0.7545 
2025-01-09 16:42:10,902 INFO: -------------------------------------------------- 
2025-01-09 16:42:10,903 INFO: *****Epoch 147 train***** 
2025-01-09 16:44:19,388 INFO: train Loss: 0.0260 - Accuracy: 0.9838 - Precision: 0.9839 - Recall: 0.9838 - F1 Score: 0.9838 
2025-01-09 16:44:26,567 INFO: val Loss: 1.1107 - val Accuracy: 0.7364 - val Precision: 0.7643 - val Recall: 0.7364 - val F1 Score: 0.7401 
2025-01-09 16:44:26,689 INFO: Best model saved with accuracy: 0.7364 
2025-01-09 16:44:26,804 INFO: -------------------------------------------------- 
2025-01-09 16:44:26,807 INFO: *****Epoch 148 train***** 
2025-01-09 16:46:35,093 INFO: train Loss: 0.0569 - Accuracy: 0.9788 - Precision: 0.9788 - Recall: 0.9788 - F1 Score: 0.9788 
2025-01-09 16:46:42,493 INFO: val Loss: 1.4344 - val Accuracy: 0.7273 - val Precision: 0.7466 - val Recall: 0.7273 - val F1 Score: 0.7310 
2025-01-09 16:46:42,617 INFO: Best model saved with accuracy: 0.7273 
2025-01-09 16:46:42,736 INFO: -------------------------------------------------- 
2025-01-09 16:46:42,737 INFO: *****Epoch 149 train***** 
2025-01-09 16:48:50,698 INFO: train Loss: 0.0269 - Accuracy: 0.9879 - Precision: 0.9879 - Recall: 0.9879 - F1 Score: 0.9879 
2025-01-09 16:48:57,995 INFO: val Loss: 0.8499 - val Accuracy: 0.7545 - val Precision: 0.7510 - val Recall: 0.7545 - val F1 Score: 0.7511 
2025-01-09 16:48:58,127 INFO: Best model saved with accuracy: 0.7545 
2025-01-09 16:48:58,245 INFO: -------------------------------------------------- 
2025-01-09 16:48:58,246 INFO: *****Epoch 150 train***** 
2025-01-09 16:51:07,294 INFO: train Loss: 0.0410 - Accuracy: 0.9808 - Precision: 0.9808 - Recall: 0.9808 - F1 Score: 0.9808 
2025-01-09 16:51:14,836 INFO: val Loss: 1.3370 - val Accuracy: 0.7455 - val Precision: 0.7420 - val Recall: 0.7455 - val F1 Score: 0.7370 
2025-01-09 16:51:14,960 INFO: Best model saved with accuracy: 0.7455 
2025-01-09 16:51:15,078 INFO: -------------------------------------------------- 
2025-01-09 16:51:15,079 INFO: *****Epoch 151 train***** 
2025-01-09 16:53:23,301 INFO: train Loss: 0.0227 - Accuracy: 0.9929 - Precision: 0.9930 - Recall: 0.9929 - F1 Score: 0.9929 
2025-01-09 16:53:30,758 INFO: val Loss: 1.5012 - val Accuracy: 0.6545 - val Precision: 0.6854 - val Recall: 0.6545 - val F1 Score: 0.6594 
2025-01-09 16:53:30,881 INFO: Best model saved with accuracy: 0.6545 
2025-01-09 16:53:30,997 INFO: -------------------------------------------------- 
2025-01-09 16:53:30,999 INFO: *****Epoch 152 train***** 
2025-01-09 16:55:41,795 INFO: train Loss: 0.0396 - Accuracy: 0.9798 - Precision: 0.9798 - Recall: 0.9798 - F1 Score: 0.9798 
2025-01-09 16:55:49,237 INFO: val Loss: 1.6368 - val Accuracy: 0.7000 - val Precision: 0.7668 - val Recall: 0.7000 - val F1 Score: 0.7017 
2025-01-09 16:55:49,365 INFO: Best model saved with accuracy: 0.7000 
2025-01-09 16:55:49,481 INFO: -------------------------------------------------- 
2025-01-09 16:55:49,483 INFO: *****Epoch 153 train***** 
2025-01-09 16:57:59,298 INFO: train Loss: 0.0549 - Accuracy: 0.9788 - Precision: 0.9788 - Recall: 0.9788 - F1 Score: 0.9788 
2025-01-09 16:58:06,662 INFO: val Loss: 1.3706 - val Accuracy: 0.7818 - val Precision: 0.8013 - val Recall: 0.7818 - val F1 Score: 0.7648 
2025-01-09 16:58:06,785 INFO: Best model saved with accuracy: 0.7818 
2025-01-09 16:58:06,897 INFO: -------------------------------------------------- 
2025-01-09 16:58:06,899 INFO: *****Epoch 154 train***** 
2025-01-09 17:00:16,303 INFO: train Loss: 0.0717 - Accuracy: 0.9758 - Precision: 0.9758 - Recall: 0.9758 - F1 Score: 0.9758 
2025-01-09 17:00:23,801 INFO: val Loss: 1.3189 - val Accuracy: 0.7182 - val Precision: 0.7678 - val Recall: 0.7182 - val F1 Score: 0.7213 
2025-01-09 17:00:23,928 INFO: Best model saved with accuracy: 0.7182 
2025-01-09 17:00:24,043 INFO: -------------------------------------------------- 
2025-01-09 17:00:24,044 INFO: *****Epoch 155 train***** 
2025-01-09 17:02:33,244 INFO: train Loss: 0.0375 - Accuracy: 0.9848 - Precision: 0.9849 - Recall: 0.9848 - F1 Score: 0.9848 
2025-01-09 17:02:40,780 INFO: val Loss: 1.0012 - val Accuracy: 0.7273 - val Precision: 0.7222 - val Recall: 0.7273 - val F1 Score: 0.7182 
2025-01-09 17:02:40,904 INFO: Best model saved with accuracy: 0.7273 
2025-01-09 17:02:41,021 INFO: -------------------------------------------------- 
2025-01-09 17:02:41,023 INFO: *****Epoch 156 train***** 
2025-01-09 17:04:49,163 INFO: train Loss: 0.0593 - Accuracy: 0.9747 - Precision: 0.9747 - Recall: 0.9747 - F1 Score: 0.9747 
2025-01-09 17:04:56,662 INFO: val Loss: 0.8622 - val Accuracy: 0.7545 - val Precision: 0.7662 - val Recall: 0.7545 - val F1 Score: 0.7573 
2025-01-09 17:04:56,775 INFO: Best model saved with accuracy: 0.7545 
2025-01-09 17:04:56,890 INFO: -------------------------------------------------- 
2025-01-09 17:04:56,891 INFO: *****Epoch 157 train***** 
2025-01-09 17:07:04,757 INFO: train Loss: 0.0545 - Accuracy: 0.9808 - Precision: 0.9809 - Recall: 0.9808 - F1 Score: 0.9808 
2025-01-09 17:07:12,293 INFO: val Loss: 0.9590 - val Accuracy: 0.7273 - val Precision: 0.7416 - val Recall: 0.7273 - val F1 Score: 0.7306 
2025-01-09 17:07:12,417 INFO: Best model saved with accuracy: 0.7273 
2025-01-09 17:07:12,532 INFO: -------------------------------------------------- 
2025-01-09 17:07:12,534 INFO: *****Epoch 158 train***** 
2025-01-09 17:09:21,494 INFO: train Loss: 0.0472 - Accuracy: 0.9798 - Precision: 0.9799 - Recall: 0.9798 - F1 Score: 0.9798 
2025-01-09 17:09:28,849 INFO: val Loss: 0.9774 - val Accuracy: 0.7273 - val Precision: 0.7466 - val Recall: 0.7273 - val F1 Score: 0.7310 
2025-01-09 17:09:28,971 INFO: Best model saved with accuracy: 0.7273 
2025-01-09 17:09:29,082 INFO: -------------------------------------------------- 
2025-01-09 17:09:29,084 INFO: *****Epoch 159 train***** 
2025-01-09 17:11:40,297 INFO: train Loss: 0.0466 - Accuracy: 0.9798 - Precision: 0.9798 - Recall: 0.9798 - F1 Score: 0.9798 
2025-01-09 17:11:47,820 INFO: val Loss: 1.3123 - val Accuracy: 0.6909 - val Precision: 0.7284 - val Recall: 0.6909 - val F1 Score: 0.6950 
2025-01-09 17:11:47,945 INFO: Best model saved with accuracy: 0.6909 
2025-01-09 17:11:48,061 INFO: -------------------------------------------------- 
2025-01-09 17:11:48,062 INFO: *****Epoch 160 train***** 
2025-01-09 17:13:55,308 INFO: train Loss: 0.0275 - Accuracy: 0.9879 - Precision: 0.9879 - Recall: 0.9879 - F1 Score: 0.9879 
2025-01-09 17:14:02,735 INFO: val Loss: 1.0579 - val Accuracy: 0.6727 - val Precision: 0.7100 - val Recall: 0.6727 - val F1 Score: 0.6771 
2025-01-09 17:14:02,853 INFO: Best model saved with accuracy: 0.6727 
2025-01-09 17:14:02,971 INFO: -------------------------------------------------- 
2025-01-09 17:14:02,973 INFO: *****Epoch 161 train***** 
2025-01-09 17:16:12,348 INFO: train Loss: 0.0204 - Accuracy: 0.9899 - Precision: 0.9899 - Recall: 0.9899 - F1 Score: 0.9899 
2025-01-09 17:16:19,723 INFO: val Loss: 1.3699 - val Accuracy: 0.7091 - val Precision: 0.7818 - val Recall: 0.7091 - val F1 Score: 0.7102 
2025-01-09 17:16:19,843 INFO: Best model saved with accuracy: 0.7091 
2025-01-09 17:16:19,958 INFO: -------------------------------------------------- 
2025-01-09 17:16:19,960 INFO: *****Epoch 162 train***** 
2025-01-09 17:18:27,147 INFO: train Loss: 0.0149 - Accuracy: 0.9949 - Precision: 0.9950 - Recall: 0.9949 - F1 Score: 0.9949 
2025-01-09 17:18:34,678 INFO: val Loss: 0.9579 - val Accuracy: 0.7364 - val Precision: 0.7406 - val Recall: 0.7364 - val F1 Score: 0.7379 
2025-01-09 17:18:34,794 INFO: Best model saved with accuracy: 0.7364 
2025-01-09 17:18:34,910 INFO: -------------------------------------------------- 
2025-01-09 17:18:34,912 INFO: *****Epoch 163 train***** 
2025-01-09 17:20:42,308 INFO: train Loss: 0.0325 - Accuracy: 0.9889 - Precision: 0.9889 - Recall: 0.9889 - F1 Score: 0.9889 
2025-01-09 17:20:49,636 INFO: val Loss: 1.0730 - val Accuracy: 0.7364 - val Precision: 0.7530 - val Recall: 0.7364 - val F1 Score: 0.7398 
2025-01-09 17:20:49,766 INFO: Best model saved with accuracy: 0.7364 
2025-01-09 17:20:49,883 INFO: -------------------------------------------------- 
2025-01-09 17:20:49,884 INFO: *****Epoch 164 train***** 
2025-01-09 17:22:59,656 INFO: train Loss: 0.0190 - Accuracy: 0.9919 - Precision: 0.9919 - Recall: 0.9919 - F1 Score: 0.9919 
2025-01-09 17:23:07,195 INFO: val Loss: 1.0837 - val Accuracy: 0.7182 - val Precision: 0.7303 - val Recall: 0.7182 - val F1 Score: 0.7214 
2025-01-09 17:23:07,318 INFO: Best model saved with accuracy: 0.7182 
2025-01-09 17:23:07,426 INFO: -------------------------------------------------- 
2025-01-09 17:23:07,427 INFO: *****Epoch 165 train***** 
2025-01-09 17:25:15,805 INFO: train Loss: 0.0315 - Accuracy: 0.9848 - Precision: 0.9849 - Recall: 0.9848 - F1 Score: 0.9848 
2025-01-09 17:25:23,122 INFO: val Loss: 1.5779 - val Accuracy: 0.7000 - val Precision: 0.7772 - val Recall: 0.7000 - val F1 Score: 0.7006 
2025-01-09 17:25:23,248 INFO: Best model saved with accuracy: 0.7000 
2025-01-09 17:25:23,362 INFO: -------------------------------------------------- 
2025-01-09 17:25:23,364 INFO: *****Epoch 166 train***** 
2025-01-09 17:27:31,994 INFO: train Loss: 0.0356 - Accuracy: 0.9859 - Precision: 0.9859 - Recall: 0.9859 - F1 Score: 0.9859 
2025-01-09 17:27:39,590 INFO: val Loss: 1.5681 - val Accuracy: 0.7545 - val Precision: 0.7636 - val Recall: 0.7545 - val F1 Score: 0.7370 
2025-01-09 17:27:39,713 INFO: Best model saved with accuracy: 0.7545 
2025-01-09 17:27:39,829 INFO: -------------------------------------------------- 
2025-01-09 17:27:39,830 INFO: *****Epoch 167 train***** 
2025-01-09 17:29:47,921 INFO: train Loss: 0.0279 - Accuracy: 0.9889 - Precision: 0.9889 - Recall: 0.9889 - F1 Score: 0.9889 
2025-01-09 17:29:55,318 INFO: val Loss: 1.4448 - val Accuracy: 0.6909 - val Precision: 0.6844 - val Recall: 0.6909 - val F1 Score: 0.6856 
2025-01-09 17:29:55,443 INFO: Best model saved with accuracy: 0.6909 
2025-01-09 17:29:55,562 INFO: -------------------------------------------------- 
2025-01-09 17:29:55,563 INFO: *****Epoch 168 train***** 
2025-01-09 17:32:06,319 INFO: train Loss: 0.0283 - Accuracy: 0.9919 - Precision: 0.9920 - Recall: 0.9919 - F1 Score: 0.9919 
2025-01-09 17:32:13,648 INFO: val Loss: 1.3400 - val Accuracy: 0.7273 - val Precision: 0.7273 - val Recall: 0.7273 - val F1 Score: 0.7273 
2025-01-09 17:32:13,771 INFO: Best model saved with accuracy: 0.7273 
2025-01-09 17:32:13,886 INFO: -------------------------------------------------- 
2025-01-09 17:32:13,888 INFO: *****Epoch 169 train***** 
2025-01-09 17:34:22,442 INFO: train Loss: 0.0268 - Accuracy: 0.9879 - Precision: 0.9879 - Recall: 0.9879 - F1 Score: 0.9879 
2025-01-09 17:34:30,021 INFO: val Loss: 1.4836 - val Accuracy: 0.7364 - val Precision: 0.7483 - val Recall: 0.7364 - val F1 Score: 0.7394 
2025-01-09 17:34:30,146 INFO: Best model saved with accuracy: 0.7364 
2025-01-09 17:34:30,265 INFO: -------------------------------------------------- 
2025-01-09 17:34:30,266 INFO: *****Epoch 170 train***** 
2025-01-09 17:36:39,197 INFO: train Loss: 0.0585 - Accuracy: 0.9758 - Precision: 0.9758 - Recall: 0.9758 - F1 Score: 0.9758 
2025-01-09 17:36:46,539 INFO: val Loss: 1.4818 - val Accuracy: 0.6909 - val Precision: 0.6823 - val Recall: 0.6909 - val F1 Score: 0.6777 
2025-01-09 17:36:46,663 INFO: Best model saved with accuracy: 0.6909 
2025-01-09 17:36:46,778 INFO: -------------------------------------------------- 
2025-01-09 17:36:46,779 INFO: *****Epoch 171 train***** 
2025-01-09 17:38:56,340 INFO: train Loss: 0.0491 - Accuracy: 0.9828 - Precision: 0.9829 - Recall: 0.9828 - F1 Score: 0.9828 
2025-01-09 17:39:03,699 INFO: val Loss: 2.0377 - val Accuracy: 0.6000 - val Precision: 0.7132 - val Recall: 0.6000 - val F1 Score: 0.5910 
2025-01-09 17:39:03,821 INFO: Best model saved with accuracy: 0.6000 
2025-01-09 17:39:03,943 INFO: -------------------------------------------------- 
2025-01-09 17:39:03,945 INFO: *****Epoch 172 train***** 
2025-01-09 17:41:12,353 INFO: train Loss: 0.0810 - Accuracy: 0.9737 - Precision: 0.9737 - Recall: 0.9737 - F1 Score: 0.9737 
2025-01-09 17:41:19,810 INFO: val Loss: 1.3105 - val Accuracy: 0.7273 - val Precision: 0.7466 - val Recall: 0.7273 - val F1 Score: 0.7310 
2025-01-09 17:41:19,935 INFO: Best model saved with accuracy: 0.7273 
2025-01-09 17:41:20,053 INFO: -------------------------------------------------- 
2025-01-09 17:41:20,055 INFO: *****Epoch 173 train***** 
2025-01-09 17:43:29,693 INFO: train Loss: 0.0608 - Accuracy: 0.9788 - Precision: 0.9788 - Recall: 0.9788 - F1 Score: 0.9788 
2025-01-09 17:43:37,273 INFO: val Loss: 1.1549 - val Accuracy: 0.7182 - val Precision: 0.7526 - val Recall: 0.7182 - val F1 Score: 0.7221 
2025-01-09 17:43:37,392 INFO: Best model saved with accuracy: 0.7182 
2025-01-09 17:43:37,504 INFO: -------------------------------------------------- 
2025-01-09 17:43:37,504 INFO: *****Epoch 174 train***** 
2025-01-09 17:45:46,665 INFO: train Loss: 0.0553 - Accuracy: 0.9828 - Precision: 0.9828 - Recall: 0.9828 - F1 Score: 0.9828 
2025-01-09 17:45:54,016 INFO: val Loss: 1.8660 - val Accuracy: 0.6273 - val Precision: 0.7716 - val Recall: 0.6273 - val F1 Score: 0.6146 
2025-01-09 17:45:54,135 INFO: Best model saved with accuracy: 0.6273 
2025-01-09 17:45:54,243 INFO: -------------------------------------------------- 
2025-01-09 17:45:54,244 INFO: *****Epoch 175 train***** 
2025-01-09 17:48:03,805 INFO: train Loss: 0.0370 - Accuracy: 0.9879 - Precision: 0.9879 - Recall: 0.9879 - F1 Score: 0.9879 
2025-01-09 17:48:11,141 INFO: val Loss: 0.8850 - val Accuracy: 0.7182 - val Precision: 0.7403 - val Recall: 0.7182 - val F1 Score: 0.7221 
2025-01-09 17:48:11,273 INFO: Best model saved with accuracy: 0.7182 
2025-01-09 17:48:11,398 INFO: -------------------------------------------------- 
2025-01-09 17:48:11,400 INFO: *****Epoch 176 train***** 
2025-01-09 17:50:19,151 INFO: train Loss: 0.0229 - Accuracy: 0.9919 - Precision: 0.9919 - Recall: 0.9919 - F1 Score: 0.9919 
2025-01-09 17:50:26,329 INFO: val Loss: 1.6417 - val Accuracy: 0.6545 - val Precision: 0.7320 - val Recall: 0.6545 - val F1 Score: 0.6545 
2025-01-09 17:50:26,439 INFO: Best model saved with accuracy: 0.6545 
2025-01-09 17:50:26,554 INFO: -------------------------------------------------- 
2025-01-09 17:50:26,555 INFO: *****Epoch 177 train***** 
2025-01-09 17:52:36,012 INFO: train Loss: 0.0160 - Accuracy: 0.9929 - Precision: 0.9929 - Recall: 0.9929 - F1 Score: 0.9929 
2025-01-09 17:52:43,445 INFO: val Loss: 2.0393 - val Accuracy: 0.6636 - val Precision: 0.7865 - val Recall: 0.6636 - val F1 Score: 0.6572 
2025-01-09 17:52:43,558 INFO: Best model saved with accuracy: 0.6636 
2025-01-09 17:52:43,674 INFO: -------------------------------------------------- 
2025-01-09 17:52:43,676 INFO: *****Epoch 178 train***** 
2025-01-09 17:54:52,456 INFO: train Loss: 0.0146 - Accuracy: 0.9939 - Precision: 0.9939 - Recall: 0.9939 - F1 Score: 0.9939 
2025-01-09 17:54:59,952 INFO: val Loss: 2.1762 - val Accuracy: 0.7000 - val Precision: 0.8016 - val Recall: 0.7000 - val F1 Score: 0.6978 
2025-01-09 17:55:00,076 INFO: Best model saved with accuracy: 0.7000 
2025-01-09 17:55:00,185 INFO: -------------------------------------------------- 
2025-01-09 17:55:00,186 INFO: *****Epoch 179 train***** 
2025-01-09 17:57:08,435 INFO: train Loss: 0.0276 - Accuracy: 0.9919 - Precision: 0.9919 - Recall: 0.9919 - F1 Score: 0.9919 
2025-01-09 17:57:15,728 INFO: val Loss: 1.6478 - val Accuracy: 0.6545 - val Precision: 0.6396 - val Recall: 0.6545 - val F1 Score: 0.6276 
2025-01-09 17:57:15,854 INFO: Best model saved with accuracy: 0.6545 
2025-01-09 17:57:15,962 INFO: -------------------------------------------------- 
2025-01-09 17:57:15,964 INFO: *****Epoch 180 train***** 
2025-01-09 17:59:26,563 INFO: train Loss: 0.0296 - Accuracy: 0.9818 - Precision: 0.9818 - Recall: 0.9818 - F1 Score: 0.9818 
2025-01-09 17:59:34,187 INFO: val Loss: 2.0332 - val Accuracy: 0.7000 - val Precision: 0.8016 - val Recall: 0.7000 - val F1 Score: 0.6978 
2025-01-09 17:59:34,310 INFO: Best model saved with accuracy: 0.7000 
2025-01-09 17:59:34,429 INFO: -------------------------------------------------- 
2025-01-09 17:59:34,430 INFO: *****Epoch 181 train***** 
2025-01-09 18:01:44,112 INFO: train Loss: 0.0233 - Accuracy: 0.9899 - Precision: 0.9899 - Recall: 0.9899 - F1 Score: 0.9899 
2025-01-09 18:01:51,492 INFO: val Loss: 1.0935 - val Accuracy: 0.7273 - val Precision: 0.7251 - val Recall: 0.7273 - val F1 Score: 0.7259 
2025-01-09 18:01:51,613 INFO: Best model saved with accuracy: 0.7273 
2025-01-09 18:01:51,731 INFO: -------------------------------------------------- 
2025-01-09 18:01:51,734 INFO: *****Epoch 182 train***** 
2025-01-09 18:04:02,060 INFO: train Loss: 0.0235 - Accuracy: 0.9879 - Precision: 0.9879 - Recall: 0.9879 - F1 Score: 0.9879 
2025-01-09 18:04:09,489 INFO: val Loss: 1.1242 - val Accuracy: 0.7364 - val Precision: 0.7530 - val Recall: 0.7364 - val F1 Score: 0.7398 
2025-01-09 18:04:09,595 INFO: Best model saved with accuracy: 0.7364 
2025-01-09 18:04:09,711 INFO: -------------------------------------------------- 
2025-01-09 18:04:09,713 INFO: *****Epoch 183 train***** 
2025-01-09 18:06:18,621 INFO: train Loss: 0.0236 - Accuracy: 0.9899 - Precision: 0.9899 - Recall: 0.9899 - F1 Score: 0.9899 
2025-01-09 18:06:26,021 INFO: val Loss: 1.1873 - val Accuracy: 0.7273 - val Precision: 0.7279 - val Recall: 0.7273 - val F1 Score: 0.7095 
2025-01-09 18:06:26,144 INFO: Best model saved with accuracy: 0.7273 
2025-01-09 18:06:26,255 INFO: -------------------------------------------------- 
2025-01-09 18:06:26,256 INFO: *****Epoch 184 train***** 
2025-01-09 18:08:34,797 INFO: train Loss: 0.0184 - Accuracy: 0.9899 - Precision: 0.9899 - Recall: 0.9899 - F1 Score: 0.9899 
2025-01-09 18:08:42,308 INFO: val Loss: 1.0591 - val Accuracy: 0.7182 - val Precision: 0.7350 - val Recall: 0.7182 - val F1 Score: 0.7218 
2025-01-09 18:08:42,431 INFO: Best model saved with accuracy: 0.7182 
2025-01-09 18:08:42,548 INFO: -------------------------------------------------- 
2025-01-09 18:08:42,550 INFO: *****Epoch 185 train***** 
2025-01-09 18:10:50,969 INFO: train Loss: 0.0183 - Accuracy: 0.9939 - Precision: 0.9939 - Recall: 0.9939 - F1 Score: 0.9939 
2025-01-09 18:10:58,537 INFO: val Loss: 1.5268 - val Accuracy: 0.6636 - val Precision: 0.6652 - val Recall: 0.6636 - val F1 Score: 0.6644 
2025-01-09 18:10:58,654 INFO: Best model saved with accuracy: 0.6636 
2025-01-09 18:10:58,769 INFO: -------------------------------------------------- 
2025-01-09 18:10:58,771 INFO: *****Epoch 186 train***** 
2025-01-09 18:13:07,525 INFO: train Loss: 0.0282 - Accuracy: 0.9889 - Precision: 0.9889 - Recall: 0.9889 - F1 Score: 0.9889 
2025-01-09 18:13:14,845 INFO: val Loss: 1.6848 - val Accuracy: 0.7091 - val Precision: 0.7469 - val Recall: 0.7091 - val F1 Score: 0.7130 
2025-01-09 18:13:14,969 INFO: Best model saved with accuracy: 0.7091 
2025-01-09 18:13:15,087 INFO: -------------------------------------------------- 
2025-01-09 18:13:15,088 INFO: *****Epoch 187 train***** 
2025-01-09 18:15:24,669 INFO: train Loss: 0.0259 - Accuracy: 0.9909 - Precision: 0.9909 - Recall: 0.9909 - F1 Score: 0.9909 
2025-01-09 18:15:32,442 INFO: val Loss: 1.6844 - val Accuracy: 0.6818 - val Precision: 0.7572 - val Recall: 0.6818 - val F1 Score: 0.6825 
2025-01-09 18:15:32,558 INFO: Best model saved with accuracy: 0.6818 
2025-01-09 18:15:32,681 INFO: -------------------------------------------------- 
2025-01-09 18:15:32,682 INFO: *****Epoch 188 train***** 
2025-01-09 18:17:42,020 INFO: train Loss: 0.0254 - Accuracy: 0.9929 - Precision: 0.9929 - Recall: 0.9929 - F1 Score: 0.9929 
2025-01-09 18:17:49,427 INFO: val Loss: 1.1265 - val Accuracy: 0.7545 - val Precision: 0.7528 - val Recall: 0.7545 - val F1 Score: 0.7452 
2025-01-09 18:17:49,551 INFO: Best model saved with accuracy: 0.7545 
2025-01-09 18:17:49,663 INFO: -------------------------------------------------- 
2025-01-09 18:17:49,665 INFO: *****Epoch 189 train***** 
2025-01-09 18:19:56,215 INFO: train Loss: 0.0650 - Accuracy: 0.9717 - Precision: 0.9717 - Recall: 0.9717 - F1 Score: 0.9717 
2025-01-09 18:20:03,714 INFO: val Loss: 1.3990 - val Accuracy: 0.7182 - val Precision: 0.7767 - val Recall: 0.7182 - val F1 Score: 0.7206 
2025-01-09 18:20:03,834 INFO: Best model saved with accuracy: 0.7182 
2025-01-09 18:20:03,949 INFO: -------------------------------------------------- 
2025-01-09 18:20:03,951 INFO: *****Epoch 190 train***** 
2025-01-09 18:22:13,320 INFO: train Loss: 0.0587 - Accuracy: 0.9778 - Precision: 0.9778 - Recall: 0.9778 - F1 Score: 0.9778 
2025-01-09 18:22:20,901 INFO: val Loss: 1.6934 - val Accuracy: 0.6909 - val Precision: 0.7620 - val Recall: 0.6909 - val F1 Score: 0.6921 
2025-01-09 18:22:21,027 INFO: Best model saved with accuracy: 0.6909 
2025-01-09 18:22:21,146 INFO: -------------------------------------------------- 
2025-01-09 18:22:21,147 INFO: *****Epoch 191 train***** 
2025-01-09 18:24:29,482 INFO: train Loss: 0.0837 - Accuracy: 0.9717 - Precision: 0.9717 - Recall: 0.9717 - F1 Score: 0.9717 
2025-01-09 18:24:36,812 INFO: val Loss: 1.1738 - val Accuracy: 0.7000 - val Precision: 0.6933 - val Recall: 0.7000 - val F1 Score: 0.6937 
2025-01-09 18:24:36,935 INFO: Best model saved with accuracy: 0.7000 
2025-01-09 18:24:37,052 INFO: -------------------------------------------------- 
2025-01-09 18:24:37,054 INFO: *****Epoch 192 train***** 
2025-01-09 18:26:46,701 INFO: train Loss: 0.0525 - Accuracy: 0.9788 - Precision: 0.9788 - Recall: 0.9788 - F1 Score: 0.9788 
2025-01-09 18:26:54,282 INFO: val Loss: 4.3868 - val Accuracy: 0.5182 - val Precision: 0.7501 - val Recall: 0.5182 - val F1 Score: 0.4646 
2025-01-09 18:26:54,406 INFO: Best model saved with accuracy: 0.5182 
2025-01-09 18:26:54,521 INFO: -------------------------------------------------- 
2025-01-09 18:26:54,523 INFO: *****Epoch 193 train***** 
2025-01-09 18:29:01,960 INFO: train Loss: 0.0605 - Accuracy: 0.9798 - Precision: 0.9799 - Recall: 0.9798 - F1 Score: 0.9798 
2025-01-09 18:29:09,336 INFO: val Loss: 3.0196 - val Accuracy: 0.5545 - val Precision: 0.7944 - val Recall: 0.5545 - val F1 Score: 0.5112 
2025-01-09 18:29:09,461 INFO: Best model saved with accuracy: 0.5545 
2025-01-09 18:29:09,580 INFO: -------------------------------------------------- 
2025-01-09 18:29:09,581 INFO: *****Epoch 194 train***** 
2025-01-09 18:31:17,537 INFO: train Loss: 0.0683 - Accuracy: 0.9717 - Precision: 0.9718 - Recall: 0.9717 - F1 Score: 0.9717 
2025-01-09 18:31:24,923 INFO: val Loss: 0.9815 - val Accuracy: 0.7818 - val Precision: 0.7842 - val Recall: 0.7818 - val F1 Score: 0.7827 
2025-01-09 18:31:25,045 INFO: Best model saved with accuracy: 0.7818 
2025-01-09 18:31:25,160 INFO: -------------------------------------------------- 
2025-01-09 18:31:25,161 INFO: *****Epoch 195 train***** 
2025-01-09 18:33:34,906 INFO: train Loss: 0.0392 - Accuracy: 0.9879 - Precision: 0.9879 - Recall: 0.9879 - F1 Score: 0.9879 
2025-01-09 18:33:42,104 INFO: val Loss: 0.9898 - val Accuracy: 0.7000 - val Precision: 0.6924 - val Recall: 0.7000 - val F1 Score: 0.6886 
2025-01-09 18:33:42,225 INFO: Best model saved with accuracy: 0.7000 
2025-01-09 18:33:42,341 INFO: -------------------------------------------------- 
2025-01-09 18:33:42,342 INFO: *****Epoch 196 train***** 
2025-01-09 18:35:50,859 INFO: train Loss: 0.0265 - Accuracy: 0.9909 - Precision: 0.9909 - Recall: 0.9909 - F1 Score: 0.9909 
2025-01-09 18:35:58,248 INFO: val Loss: 1.4967 - val Accuracy: 0.6727 - val Precision: 0.7421 - val Recall: 0.6727 - val F1 Score: 0.6740 
2025-01-09 18:35:58,371 INFO: Best model saved with accuracy: 0.6727 
2025-01-09 18:35:58,498 INFO: -------------------------------------------------- 
2025-01-09 18:35:58,500 INFO: *****Epoch 197 train***** 
2025-01-09 18:38:06,690 INFO: train Loss: 0.0277 - Accuracy: 0.9889 - Precision: 0.9889 - Recall: 0.9889 - F1 Score: 0.9889 
2025-01-09 18:38:13,953 INFO: val Loss: 1.5299 - val Accuracy: 0.6636 - val Precision: 0.7720 - val Recall: 0.6636 - val F1 Score: 0.6593 
2025-01-09 18:38:14,087 INFO: Best model saved with accuracy: 0.6636 
2025-01-09 18:38:14,217 INFO: -------------------------------------------------- 
2025-01-09 18:38:14,219 INFO: *****Epoch 198 train***** 
2025-01-09 18:40:24,754 INFO: train Loss: 0.0337 - Accuracy: 0.9879 - Precision: 0.9879 - Recall: 0.9879 - F1 Score: 0.9879 
2025-01-09 18:40:32,126 INFO: val Loss: 1.2200 - val Accuracy: 0.7273 - val Precision: 0.7584 - val Recall: 0.7273 - val F1 Score: 0.7311 
2025-01-09 18:40:32,245 INFO: Best model saved with accuracy: 0.7273 
2025-01-09 18:40:32,362 INFO: -------------------------------------------------- 
2025-01-09 18:40:32,364 INFO: *****Epoch 199 train***** 
2025-01-09 18:42:40,970 INFO: train Loss: 0.0335 - Accuracy: 0.9899 - Precision: 0.9899 - Recall: 0.9899 - F1 Score: 0.9899 
2025-01-09 18:42:48,515 INFO: val Loss: 1.0439 - val Accuracy: 0.7273 - val Precision: 0.7273 - val Recall: 0.7273 - val F1 Score: 0.7273 
2025-01-09 18:42:48,636 INFO: Best model saved with accuracy: 0.7273 
2025-01-09 18:42:48,749 INFO: -------------------------------------------------- 
2025-01-09 18:42:48,750 INFO: *****Epoch 200 train***** 
2025-01-09 18:44:57,915 INFO: train Loss: 0.0271 - Accuracy: 0.9919 - Precision: 0.9920 - Recall: 0.9919 - F1 Score: 0.9919 
2025-01-09 18:45:05,214 INFO: val Loss: 2.2330 - val Accuracy: 0.6545 - val Precision: 0.7546 - val Recall: 0.6545 - val F1 Score: 0.6511 
2025-01-09 18:45:05,336 INFO: Best model saved with accuracy: 0.6545 
2025-01-09 18:45:05,453 INFO: -------------------------------------------------- 
